May 15, 2021 8:13:10 AM de.learnlib.logging.LearnLogger logQuery
INFO: [? | ? / ? | ?]
May 15, 2021 8:13:10 AM de.learnlib.logging.LearnLogger logQuery
INFO: [? | ServerHelloRSA / ? | Empty]
May 15, 2021 8:13:11 AM de.learnlib.logging.LearnLogger logQuery
INFO: [? | ServerHelloRSA ServerHelloRSA / ? | Empty Alert2.10ConnectionClosed]
May 15, 2021 8:13:11 AM de.learnlib.logging.LearnLogger logQuery
INFO: [? | ServerHelloRSA ServerCertificate / ? | Empty Empty]
May 15, 2021 8:13:12 AM de.learnlib.logging.LearnLogger logQuery
INFO: [? | ServerHelloRSA CertificateRequest / ? | Empty Alert2.10ConnectionClosed]
May 15, 2021 8:13:12 AM de.learnlib.logging.LearnLogger logQuery
INFO: [? | ServerHelloRSA ServerHelloDone / ? | Empty Alert2.10ConnectionClosed]
May 15, 2021 8:13:13 AM de.learnlib.logging.LearnLogger logQuery
INFO: [? | ServerHelloRSA ChangeCipherSpec / ? | Empty Alert2.10ConnectionClosed]
May 15, 2021 8:13:13 AM de.learnlib.logging.LearnLogger logQuery
INFO: [? | ServerCertificate / ? | Alert2.10ConnectionClosed]
May 15, 2021 8:13:13 AM de.learnlib.logging.LearnLogger logQuery
INFO: [? | CertificateRequest / ? | Alert2.10ConnectionClosed]
May 15, 2021 8:13:13 AM de.learnlib.logging.LearnLogger logQuery
INFO: [? | ServerHelloDone / ? | Alert2.10ConnectionClosed]
May 15, 2021 8:13:14 AM de.learnlib.logging.LearnLogger logQuery
INFO: [? | ChangeCipherSpec / ? | Alert2.10ConnectionClosed]
May 15, 2021 8:13:14 AM de.learnlib.logging.LearnLogger logQuery
INFO: [? | Finished / ? | Alert2.10ConnectionClosed]
May 15, 2021 8:13:14 AM de.learnlib.logging.LearnLogger logQuery
INFO: [? | ApplicationData / ? | Alert2.10ConnectionClosed]
May 15, 2021 8:13:15 AM de.learnlib.logging.LearnLogger logQuery
INFO: [? | ApplicationDataEmpty / ? | Alert2.10ConnectionClosed]
May 15, 2021 8:13:15 AM de.learnlib.logging.LearnLogger logQuery
INFO: [? | ServerHelloRSA ServerCertificate / ? | Empty Empty]
May 15, 2021 8:13:16 AM de.learnlib.logging.LearnLogger logQuery
INFO: [? | ServerHelloRSA ServerCertificate ServerHelloRSA / ? | Empty Empty Alert2.10ConnectionClosed]
May 15, 2021 8:13:16 AM de.learnlib.logging.LearnLogger logQuery
INFO: [? | ServerHelloRSA ServerCertificate ServerCertificate / ? | Empty Empty Alert2.10ConnectionClosed]
May 15, 2021 8:13:17 AM de.learnlib.logging.LearnLogger logQuery
INFO: [? | ServerHelloRSA ServerCertificate CertificateRequest / ? | Empty Empty Empty]
May 15, 2021 8:13:17 AM de.learnlib.logging.LearnLogger logQuery
INFO: [? | ServerHelloRSA ServerCertificate ServerHelloDone / ? | Empty Empty HandshakeClientKeyExchangeChangeCipherSpecHandshakeFinished]
May 15, 2021 8:13:18 AM de.learnlib.logging.LearnLogger logQuery
INFO: [? | ServerHelloRSA ServerCertificate ChangeCipherSpec / ? | Empty Empty Alert2.10ConnectionClosed]
May 15, 2021 8:13:18 AM de.learnlib.logging.LearnLogger logQuery
INFO: [? | ServerHelloRSA Finished / ? | Empty Alert2.10ConnectionClosed]
May 15, 2021 8:13:18 AM de.learnlib.logging.LearnLogger logQuery
INFO: [? | ServerHelloRSA ApplicationData / ? | Empty Alert2.10ConnectionClosed]
May 15, 2021 8:13:19 AM de.learnlib.logging.LearnLogger logQuery
INFO: [? | ServerHelloRSA ApplicationDataEmpty / ? | Empty Alert2.10ConnectionClosed]
May 15, 2021 8:13:19 AM de.learnlib.logging.LearnLogger logQuery
INFO: [? | ServerHelloRSA ServerCertificate CertificateRequest / ? | Empty Empty Empty]
May 15, 2021 8:13:20 AM de.learnlib.logging.LearnLogger logQuery
INFO: [? | ServerHelloRSA ServerCertificate CertificateRequest ServerHelloRSA / ? | Empty Empty Empty Alert2.10ConnectionClosed]
May 15, 2021 8:13:21 AM de.learnlib.logging.LearnLogger logQuery
INFO: [? | ServerHelloRSA ServerCertificate CertificateRequest ServerCertificate / ? | Empty Empty Empty Alert2.10ConnectionClosed]
May 15, 2021 8:13:21 AM de.learnlib.logging.LearnLogger logQuery
INFO: [? | ServerHelloRSA ServerCertificate CertificateRequest CertificateRequest / ? | Empty Empty Empty Alert2.10ConnectionClosed]
May 15, 2021 8:13:22 AM de.learnlib.logging.LearnLogger logQuery
INFO: [? | ServerHelloRSA ServerCertificate CertificateRequest ServerHelloDone / ? | Empty Empty Empty HandshakeCertificateHandshakeClientKeyExchangeHandshakeCertificateVerifyChangeCipherSpecHandshakeFinished]
May 15, 2021 8:13:22 AM de.learnlib.logging.LearnLogger logQuery
INFO: [? | ServerHelloRSA ServerCertificate CertificateRequest ChangeCipherSpec / ? | Empty Empty Empty Alert2.10ConnectionClosed]
May 15, 2021 8:13:23 AM de.learnlib.logging.LearnLogger logQuery
INFO: [? | ServerHelloRSA ServerCertificate ServerHelloDone / ? | Empty Empty HandshakeClientKeyExchangeChangeCipherSpecHandshakeFinished]
May 15, 2021 8:13:24 AM de.learnlib.logging.LearnLogger logQuery
INFO: [? | ServerHelloRSA ServerCertificate ServerHelloDone ServerHelloRSA / ? | Empty Empty HandshakeClientKeyExchangeChangeCipherSpecHandshakeFinished Alert2.10ConnectionClosed]
May 15, 2021 8:13:24 AM de.learnlib.logging.LearnLogger logQuery
INFO: [? | ServerHelloRSA ServerCertificate ServerHelloDone ServerCertificate / ? | Empty Empty HandshakeClientKeyExchangeChangeCipherSpecHandshakeFinished Alert2.10ConnectionClosed]
May 15, 2021 8:13:25 AM de.learnlib.logging.LearnLogger logQuery
INFO: [? | ServerHelloRSA ServerCertificate ServerHelloDone CertificateRequest / ? | Empty Empty HandshakeClientKeyExchangeChangeCipherSpecHandshakeFinished Alert2.10ConnectionClosed]
May 15, 2021 8:13:25 AM de.learnlib.logging.LearnLogger logQuery
INFO: [? | ServerHelloRSA ServerCertificate ServerHelloDone ServerHelloDone / ? | Empty Empty HandshakeClientKeyExchangeChangeCipherSpecHandshakeFinished Alert2.10ConnectionClosed]
May 15, 2021 8:13:26 AM de.learnlib.logging.LearnLogger logQuery
INFO: [? | ServerHelloRSA ServerCertificate ServerHelloDone ChangeCipherSpec / ? | Empty Empty HandshakeClientKeyExchangeChangeCipherSpecHandshakeFinished Empty]
May 15, 2021 8:13:27 AM de.learnlib.logging.LearnLogger logQuery
INFO: [? | ServerHelloRSA ServerCertificate Finished / ? | Empty Empty Alert2.10ConnectionClosed]
May 15, 2021 8:13:27 AM de.learnlib.logging.LearnLogger logQuery
INFO: [? | ServerHelloRSA ServerCertificate ApplicationData / ? | Empty Empty Alert2.10ConnectionClosed]
May 15, 2021 8:13:28 AM de.learnlib.logging.LearnLogger logQuery
INFO: [? | ServerHelloRSA ServerCertificate ApplicationDataEmpty / ? | Empty Empty Alert2.10ConnectionClosed]
May 15, 2021 8:13:28 AM de.learnlib.logging.LearnLogger logQuery
INFO: [? | ServerHelloRSA / ? | Empty]
May 15, 2021 8:13:29 AM de.learnlib.logging.LearnLogger logQuery
INFO: [? | ServerHelloRSA ServerCertificate / ? | Empty Empty]
May 15, 2021 8:13:29 AM de.learnlib.logging.LearnLogger logQuery
INFO: [? | ServerHelloRSA ServerCertificate ServerHelloRSA / ? | Empty Empty Alert2.10ConnectionClosed]
May 15, 2021 8:13:29 AM de.learnlib.logging.LearnLogger logQuery
INFO: [? | ServerHelloRSA ServerCertificate ServerCertificate / ? | Empty Empty Alert2.10ConnectionClosed]
May 15, 2021 8:13:30 AM de.learnlib.logging.LearnLogger logQuery
INFO: [? | ServerHelloRSA ServerCertificate CertificateRequest / ? | Empty Empty Empty]
May 15, 2021 8:13:31 AM de.learnlib.logging.LearnLogger logQuery
INFO: [? | ServerHelloRSA ServerCertificate ServerHelloDone / ? | Empty Empty HandshakeClientKeyExchangeChangeCipherSpecHandshakeFinished]
May 15, 2021 8:13:31 AM de.learnlib.logging.LearnLogger logQuery
INFO: [? | ServerHelloRSA ServerCertificate ChangeCipherSpec / ? | Empty Empty Alert2.10ConnectionClosed]
May 15, 2021 8:13:32 AM de.learnlib.logging.LearnLogger logQuery
INFO: [? | ServerHelloRSA ServerCertificate CertificateRequest / ? | Empty Empty Empty]
May 15, 2021 8:13:32 AM de.learnlib.logging.LearnLogger logQuery
INFO: [? | ServerHelloRSA ServerCertificate CertificateRequest ServerHelloRSA / ? | Empty Empty Empty Alert2.10ConnectionClosed]
May 15, 2021 8:13:33 AM de.learnlib.logging.LearnLogger logQuery
INFO: [? | ServerHelloRSA ServerCertificate CertificateRequest ServerCertificate / ? | Empty Empty Empty Alert2.10ConnectionClosed]
May 15, 2021 8:13:33 AM de.learnlib.logging.LearnLogger logQuery
INFO: [? | ServerHelloRSA ServerCertificate CertificateRequest CertificateRequest / ? | Empty Empty Empty Alert2.10ConnectionClosed]
May 15, 2021 8:13:34 AM de.learnlib.logging.LearnLogger logQuery
INFO: [? | ServerHelloRSA ServerCertificate CertificateRequest ServerHelloDone / ? | Empty Empty Empty HandshakeCertificateHandshakeClientKeyExchangeHandshakeCertificateVerifyChangeCipherSpecHandshakeFinished]
May 15, 2021 8:13:35 AM de.learnlib.logging.LearnLogger logQuery
INFO: [? | ServerHelloRSA ServerCertificate CertificateRequest ChangeCipherSpec / ? | Empty Empty Empty Alert2.10ConnectionClosed]
May 15, 2021 8:13:35 AM de.learnlib.logging.LearnLogger logQuery
INFO: [? | ServerHelloRSA ServerCertificate ServerHelloDone / ? | Empty Empty HandshakeClientKeyExchangeChangeCipherSpecHandshakeFinished]
May 15, 2021 8:13:36 AM de.learnlib.logging.LearnLogger logQuery
INFO: [? | ServerHelloRSA ServerCertificate ServerHelloDone ServerHelloRSA / ? | Empty Empty HandshakeClientKeyExchangeChangeCipherSpecHandshakeFinished Alert2.10ConnectionClosed]
May 15, 2021 8:13:37 AM de.learnlib.logging.LearnLogger logQuery
INFO: [? | ServerHelloRSA ServerCertificate ServerHelloDone ServerCertificate / ? | Empty Empty HandshakeClientKeyExchangeChangeCipherSpecHandshakeFinished Alert2.10ConnectionClosed]
May 15, 2021 8:13:37 AM de.learnlib.logging.LearnLogger logQuery
INFO: [? | ServerHelloRSA ServerCertificate ServerHelloDone CertificateRequest / ? | Empty Empty HandshakeClientKeyExchangeChangeCipherSpecHandshakeFinished Alert2.10ConnectionClosed]
May 15, 2021 8:13:38 AM de.learnlib.logging.LearnLogger logQuery
INFO: [? | ServerHelloRSA ServerCertificate ServerHelloDone ServerHelloDone / ? | Empty Empty HandshakeClientKeyExchangeChangeCipherSpecHandshakeFinished Alert2.10ConnectionClosed]
May 15, 2021 8:13:38 AM de.learnlib.logging.LearnLogger logQuery
INFO: [? | ServerHelloRSA ServerCertificate ServerHelloDone ChangeCipherSpec / ? | Empty Empty HandshakeClientKeyExchangeChangeCipherSpecHandshakeFinished Empty]
May 15, 2021 8:13:39 AM de.learnlib.logging.LearnLogger logQuery
INFO: [? | ServerHelloRSA ServerCertificate CertificateRequest ServerHelloDone / ? | Empty Empty Empty HandshakeCertificateHandshakeClientKeyExchangeHandshakeCertificateVerifyChangeCipherSpecHandshakeFinished]
May 15, 2021 8:13:40 AM de.learnlib.logging.LearnLogger logQuery
INFO: [? | ServerHelloRSA ServerCertificate CertificateRequest ServerHelloDone ServerHelloRSA / ? | Empty Empty Empty HandshakeCertificateHandshakeClientKeyExchangeHandshakeCertificateVerifyChangeCipherSpecHandshakeFinished Alert2.10ConnectionClosed]
May 15, 2021 8:13:40 AM de.learnlib.logging.LearnLogger logQuery
INFO: [? | ServerHelloRSA ServerCertificate CertificateRequest ServerHelloDone ServerCertificate / ? | Empty Empty Empty HandshakeCertificateHandshakeClientKeyExchangeHandshakeCertificateVerifyChangeCipherSpecHandshakeFinished Alert2.10ConnectionClosed]
May 15, 2021 8:13:41 AM de.learnlib.logging.LearnLogger logQuery
INFO: [? | ServerHelloRSA ServerCertificate CertificateRequest ServerHelloDone CertificateRequest / ? | Empty Empty Empty HandshakeCertificateHandshakeClientKeyExchangeHandshakeCertificateVerifyChangeCipherSpecHandshakeFinished Alert2.10ConnectionClosed]
May 15, 2021 8:13:42 AM de.learnlib.logging.LearnLogger logQuery
INFO: [? | ServerHelloRSA ServerCertificate CertificateRequest ServerHelloDone ServerHelloDone / ? | Empty Empty Empty HandshakeCertificateHandshakeClientKeyExchangeHandshakeCertificateVerifyChangeCipherSpecHandshakeFinished Alert2.10ConnectionClosed]
May 15, 2021 8:13:43 AM de.learnlib.logging.LearnLogger logQuery
INFO: [? | ServerHelloRSA ServerCertificate CertificateRequest ServerHelloDone ChangeCipherSpec / ? | Empty Empty Empty HandshakeCertificateHandshakeClientKeyExchangeHandshakeCertificateVerifyChangeCipherSpecHandshakeFinished Empty]
May 15, 2021 8:13:43 AM de.learnlib.logging.LearnLogger logQuery
INFO: [? | ServerHelloRSA ServerCertificate ServerHelloDone ChangeCipherSpec / ? | Empty Empty HandshakeClientKeyExchangeChangeCipherSpecHandshakeFinished Empty]
May 15, 2021 8:13:44 AM de.learnlib.logging.LearnLogger logQuery
INFO: [? | ServerHelloRSA ServerCertificate ServerHelloDone ChangeCipherSpec ServerHelloRSA / ? | Empty Empty HandshakeClientKeyExchangeChangeCipherSpecHandshakeFinished Empty Alert2.10ConnectionClosed]
May 15, 2021 8:13:45 AM de.learnlib.logging.LearnLogger logQuery
INFO: [? | ServerHelloRSA ServerCertificate ServerHelloDone ChangeCipherSpec ServerCertificate / ? | Empty Empty HandshakeClientKeyExchangeChangeCipherSpecHandshakeFinished Empty Alert2.10ConnectionClosed]
May 15, 2021 8:13:45 AM de.learnlib.logging.LearnLogger logQuery
INFO: [? | ServerHelloRSA ServerCertificate ServerHelloDone ChangeCipherSpec CertificateRequest / ? | Empty Empty HandshakeClientKeyExchangeChangeCipherSpecHandshakeFinished Empty Alert2.10ConnectionClosed]
May 15, 2021 8:13:46 AM de.learnlib.logging.LearnLogger logQuery
INFO: [? | ServerHelloRSA ServerCertificate ServerHelloDone ChangeCipherSpec ServerHelloDone / ? | Empty Empty HandshakeClientKeyExchangeChangeCipherSpecHandshakeFinished Empty Alert2.10ConnectionClosed]
May 15, 2021 8:13:47 AM de.learnlib.logging.LearnLogger logQuery
INFO: [? | ServerHelloRSA ServerCertificate ServerHelloDone ChangeCipherSpec ChangeCipherSpec / ? | Empty Empty HandshakeClientKeyExchangeChangeCipherSpecHandshakeFinished Empty Alert2.10ConnectionClosed]
May 15, 2021 8:13:47 AM de.learnlib.logging.LearnLogger logQuery
INFO: [? | ServerHelloRSA ServerCertificate CertificateRequest Finished / ? | Empty Empty Empty Alert2.10ConnectionClosed]
May 15, 2021 8:13:48 AM de.learnlib.logging.LearnLogger logQuery
INFO: [? | ServerHelloRSA ServerCertificate ServerHelloDone Finished / ? | Empty Empty HandshakeClientKeyExchangeChangeCipherSpecHandshakeFinished Alert2.10ConnectionClosed]
May 15, 2021 8:13:49 AM de.learnlib.logging.LearnLogger logQuery
INFO: [? | ServerHelloRSA ServerCertificate CertificateRequest ApplicationData / ? | Empty Empty Empty Alert2.10ConnectionClosed]
May 15, 2021 8:13:49 AM de.learnlib.logging.LearnLogger logQuery
INFO: [? | ServerHelloRSA ServerCertificate ServerHelloDone ApplicationData / ? | Empty Empty HandshakeClientKeyExchangeChangeCipherSpecHandshakeFinished Alert2.10ConnectionClosed]
May 15, 2021 8:13:50 AM de.learnlib.logging.LearnLogger logQuery
INFO: [? | ServerHelloRSA ServerCertificate CertificateRequest ApplicationDataEmpty / ? | Empty Empty Empty Alert2.10ConnectionClosed]
May 15, 2021 8:13:50 AM de.learnlib.logging.LearnLogger logQuery
INFO: [? | ServerHelloRSA ServerCertificate ServerHelloDone ApplicationDataEmpty / ? | Empty Empty HandshakeClientKeyExchangeChangeCipherSpecHandshakeFinished Alert2.10ConnectionClosed]
May 15, 2021 8:13:51 AM de.learnlib.logging.LearnLogger logQuery
INFO: [? | ServerCertificate / ? | Alert2.10ConnectionClosed]
May 15, 2021 8:13:51 AM de.learnlib.logging.LearnLogger logQuery
INFO: [? | CertificateRequest / ? | Alert2.10ConnectionClosed]
May 15, 2021 8:13:51 AM de.learnlib.logging.LearnLogger logQuery
INFO: [? | ServerHelloDone / ? | Alert2.10ConnectionClosed]
May 15, 2021 8:13:51 AM de.learnlib.logging.LearnLogger logQuery
INFO: [? | ChangeCipherSpec / ? | Alert2.10ConnectionClosed]
May 15, 2021 8:13:52 AM de.learnlib.logging.LearnLogger logQuery
INFO: [? | Finished / ? | Alert2.10ConnectionClosed]
May 15, 2021 8:13:52 AM de.learnlib.logging.LearnLogger logQuery
INFO: [? | ApplicationData / ? | Alert2.10ConnectionClosed]
May 15, 2021 8:13:52 AM de.learnlib.logging.LearnLogger logQuery
INFO: [? | ApplicationDataEmpty / ? | Alert2.10ConnectionClosed]
May 15, 2021 8:13:53 AM de.learnlib.logging.LearnLogger logQuery
INFO: [? | ServerHelloRSA ServerHelloRSA / ? | Empty Alert2.10ConnectionClosed]
May 15, 2021 8:13:53 AM de.learnlib.logging.LearnLogger logQuery
INFO: [? | ServerHelloRSA ServerCertificate / ? | Empty Empty]
May 15, 2021 8:13:54 AM de.learnlib.logging.LearnLogger logQuery
INFO: [? | ServerHelloRSA ServerCertificate CertificateRequest / ? | Empty Empty Empty]
May 15, 2021 8:13:54 AM de.learnlib.logging.LearnLogger logQuery
INFO: [? | ServerHelloRSA ServerCertificate CertificateRequest ServerHelloRSA / ? | Empty Empty Empty Alert2.10ConnectionClosed]
May 15, 2021 8:13:55 AM de.learnlib.logging.LearnLogger logQuery
INFO: [? | ServerHelloRSA ServerCertificate CertificateRequest ServerCertificate / ? | Empty Empty Empty Alert2.10ConnectionClosed]
May 15, 2021 8:13:56 AM de.learnlib.logging.LearnLogger logQuery
INFO: [? | ServerHelloRSA ServerCertificate CertificateRequest CertificateRequest / ? | Empty Empty Empty Alert2.10ConnectionClosed]
May 15, 2021 8:13:56 AM de.learnlib.logging.LearnLogger logQuery
INFO: [? | ServerHelloRSA ServerCertificate CertificateRequest ServerHelloDone / ? | Empty Empty Empty HandshakeCertificateHandshakeClientKeyExchangeHandshakeCertificateVerifyChangeCipherSpecHandshakeFinished]
May 15, 2021 8:13:57 AM de.learnlib.logging.LearnLogger logQuery
INFO: [? | ServerHelloRSA ServerCertificate CertificateRequest ChangeCipherSpec / ? | Empty Empty Empty Alert2.10ConnectionClosed]
May 15, 2021 8:13:57 AM de.learnlib.logging.LearnLogger logQuery
INFO: [? | ServerHelloRSA ServerCertificate ServerHelloDone / ? | Empty Empty HandshakeClientKeyExchangeChangeCipherSpecHandshakeFinished]
May 15, 2021 8:13:58 AM de.learnlib.logging.LearnLogger logQuery
INFO: [? | ServerHelloRSA ServerCertificate ServerHelloDone ServerHelloRSA / ? | Empty Empty HandshakeClientKeyExchangeChangeCipherSpecHandshakeFinished Alert2.10ConnectionClosed]
May 15, 2021 8:13:59 AM de.learnlib.logging.LearnLogger logQuery
INFO: [? | ServerHelloRSA ServerCertificate ServerHelloDone ServerCertificate / ? | Empty Empty HandshakeClientKeyExchangeChangeCipherSpecHandshakeFinished Alert2.10ConnectionClosed]
May 15, 2021 8:13:59 AM de.learnlib.logging.LearnLogger logQuery
INFO: [? | ServerHelloRSA ServerCertificate ServerHelloDone CertificateRequest / ? | Empty Empty HandshakeClientKeyExchangeChangeCipherSpecHandshakeFinished Alert2.10ConnectionClosed]
May 15, 2021 8:14:00 AM de.learnlib.logging.LearnLogger logQuery
INFO: [? | ServerHelloRSA ServerCertificate ServerHelloDone ServerHelloDone / ? | Empty Empty HandshakeClientKeyExchangeChangeCipherSpecHandshakeFinished Alert2.10ConnectionClosed]
May 15, 2021 8:14:00 AM de.learnlib.logging.LearnLogger logQuery
INFO: [? | ServerHelloRSA ServerCertificate ServerHelloDone ChangeCipherSpec / ? | Empty Empty HandshakeClientKeyExchangeChangeCipherSpecHandshakeFinished Empty]
May 15, 2021 8:14:01 AM de.learnlib.logging.LearnLogger logQuery
INFO: [? | ServerHelloRSA ServerCertificate CertificateRequest ServerHelloDone / ? | Empty Empty Empty HandshakeCertificateHandshakeClientKeyExchangeHandshakeCertificateVerifyChangeCipherSpecHandshakeFinished]
May 15, 2021 8:14:02 AM de.learnlib.logging.LearnLogger logQuery
INFO: [? | ServerHelloRSA ServerCertificate CertificateRequest ServerHelloDone ServerHelloRSA / ? | Empty Empty Empty HandshakeCertificateHandshakeClientKeyExchangeHandshakeCertificateVerifyChangeCipherSpecHandshakeFinished Alert2.10ConnectionClosed]
May 15, 2021 8:14:03 AM de.learnlib.logging.LearnLogger logQuery
INFO: [? | ServerHelloRSA ServerCertificate CertificateRequest ServerHelloDone ServerCertificate / ? | Empty Empty Empty HandshakeCertificateHandshakeClientKeyExchangeHandshakeCertificateVerifyChangeCipherSpecHandshakeFinished Alert2.10ConnectionClosed]
May 15, 2021 8:14:03 AM de.learnlib.logging.LearnLogger logQuery
INFO: [? | ServerHelloRSA ServerCertificate CertificateRequest ServerHelloDone CertificateRequest / ? | Empty Empty Empty HandshakeCertificateHandshakeClientKeyExchangeHandshakeCertificateVerifyChangeCipherSpecHandshakeFinished Alert2.10ConnectionClosed]
May 15, 2021 8:14:04 AM de.learnlib.logging.LearnLogger logQuery
INFO: [? | ServerHelloRSA ServerCertificate CertificateRequest ServerHelloDone ServerHelloDone / ? | Empty Empty Empty HandshakeCertificateHandshakeClientKeyExchangeHandshakeCertificateVerifyChangeCipherSpecHandshakeFinished Alert2.10ConnectionClosed]
May 15, 2021 8:14:05 AM de.learnlib.logging.LearnLogger logQuery
INFO: [? | ServerHelloRSA ServerCertificate CertificateRequest ServerHelloDone ChangeCipherSpec / ? | Empty Empty Empty HandshakeCertificateHandshakeClientKeyExchangeHandshakeCertificateVerifyChangeCipherSpecHandshakeFinished Empty]
May 15, 2021 8:14:05 AM de.learnlib.logging.LearnLogger logQuery
INFO: [? | ServerHelloRSA ServerCertificate ServerHelloDone ChangeCipherSpec / ? | Empty Empty HandshakeClientKeyExchangeChangeCipherSpecHandshakeFinished Empty]
May 15, 2021 8:14:06 AM de.learnlib.logging.LearnLogger logQuery
INFO: [? | ServerHelloRSA ServerCertificate ServerHelloDone ChangeCipherSpec ServerHelloRSA / ? | Empty Empty HandshakeClientKeyExchangeChangeCipherSpecHandshakeFinished Empty Alert2.10ConnectionClosed]
May 15, 2021 8:14:07 AM de.learnlib.logging.LearnLogger logQuery
INFO: [? | ServerHelloRSA ServerCertificate ServerHelloDone ChangeCipherSpec ServerCertificate / ? | Empty Empty HandshakeClientKeyExchangeChangeCipherSpecHandshakeFinished Empty Alert2.10ConnectionClosed]
May 15, 2021 8:14:08 AM de.learnlib.logging.LearnLogger logQuery
INFO: [? | ServerHelloRSA ServerCertificate ServerHelloDone ChangeCipherSpec CertificateRequest / ? | Empty Empty HandshakeClientKeyExchangeChangeCipherSpecHandshakeFinished Empty Alert2.10ConnectionClosed]
May 15, 2021 8:14:08 AM de.learnlib.logging.LearnLogger logQuery
INFO: [? | ServerHelloRSA ServerCertificate ServerHelloDone ChangeCipherSpec ServerHelloDone / ? | Empty Empty HandshakeClientKeyExchangeChangeCipherSpecHandshakeFinished Empty Alert2.10ConnectionClosed]
May 15, 2021 8:14:09 AM de.learnlib.logging.LearnLogger logQuery
INFO: [? | ServerHelloRSA ServerCertificate ServerHelloDone ChangeCipherSpec ChangeCipherSpec / ? | Empty Empty HandshakeClientKeyExchangeChangeCipherSpecHandshakeFinished Empty Alert2.10ConnectionClosed]
May 15, 2021 8:14:10 AM de.learnlib.logging.LearnLogger logQuery
INFO: [? | ServerHelloRSA ServerCertificate CertificateRequest ServerHelloDone ChangeCipherSpec / ? | Empty Empty Empty HandshakeCertificateHandshakeClientKeyExchangeHandshakeCertificateVerifyChangeCipherSpecHandshakeFinished Empty]
May 15, 2021 8:14:11 AM de.learnlib.logging.LearnLogger logQuery
INFO: [? | ServerHelloRSA ServerCertificate CertificateRequest ServerHelloDone ChangeCipherSpec ServerHelloRSA / ? | Empty Empty Empty HandshakeCertificateHandshakeClientKeyExchangeHandshakeCertificateVerifyChangeCipherSpecHandshakeFinished Empty Alert2.10ConnectionClosed]
May 15, 2021 8:14:11 AM de.learnlib.logging.LearnLogger logQuery
INFO: [? | ServerHelloRSA ServerCertificate CertificateRequest ServerHelloDone ChangeCipherSpec ServerCertificate / ? | Empty Empty Empty HandshakeCertificateHandshakeClientKeyExchangeHandshakeCertificateVerifyChangeCipherSpecHandshakeFinished Empty Alert2.10ConnectionClosed]
May 15, 2021 8:14:12 AM de.learnlib.logging.LearnLogger logQuery
INFO: [? | ServerHelloRSA ServerCertificate CertificateRequest ServerHelloDone ChangeCipherSpec CertificateRequest / ? | Empty Empty Empty HandshakeCertificateHandshakeClientKeyExchangeHandshakeCertificateVerifyChangeCipherSpecHandshakeFinished Empty Alert2.10ConnectionClosed]
May 15, 2021 8:14:13 AM de.learnlib.logging.LearnLogger logQuery
INFO: [? | ServerHelloRSA ServerCertificate CertificateRequest ServerHelloDone ChangeCipherSpec ServerHelloDone / ? | Empty Empty Empty HandshakeCertificateHandshakeClientKeyExchangeHandshakeCertificateVerifyChangeCipherSpecHandshakeFinished Empty Alert2.10ConnectionClosed]
May 15, 2021 8:14:14 AM de.learnlib.logging.LearnLogger logQuery
INFO: [? | ServerHelloRSA ServerCertificate CertificateRequest ServerHelloDone ChangeCipherSpec ChangeCipherSpec / ? | Empty Empty Empty HandshakeCertificateHandshakeClientKeyExchangeHandshakeCertificateVerifyChangeCipherSpecHandshakeFinished Empty Alert2.10ConnectionClosed]
May 15, 2021 8:14:14 AM de.learnlib.logging.LearnLogger logQuery
INFO: [? | ServerHelloRSA ServerCertificate CertificateRequest ServerHelloDone Finished / ? | Empty Empty Empty HandshakeCertificateHandshakeClientKeyExchangeHandshakeCertificateVerifyChangeCipherSpecHandshakeFinished Alert2.10ConnectionClosed]
May 15, 2021 8:14:15 AM de.learnlib.logging.LearnLogger logQuery
INFO: [? | ServerHelloRSA ServerCertificate ServerHelloDone ChangeCipherSpec Finished / ? | Empty Empty HandshakeClientKeyExchangeChangeCipherSpecHandshakeFinished Empty ApplicationDataAlert1.0ConnectionClosed]
May 15, 2021 8:14:16 AM de.learnlib.logging.LearnLogger logQuery
INFO: [? | ServerHelloRSA ServerCertificate CertificateRequest ServerHelloDone ApplicationData / ? | Empty Empty Empty HandshakeCertificateHandshakeClientKeyExchangeHandshakeCertificateVerifyChangeCipherSpecHandshakeFinished Alert2.10ConnectionClosed]
May 15, 2021 8:14:16 AM de.learnlib.logging.LearnLogger logQuery
INFO: [? | ServerHelloRSA ServerCertificate ServerHelloDone ChangeCipherSpec ApplicationData / ? | Empty Empty HandshakeClientKeyExchangeChangeCipherSpecHandshakeFinished Empty Alert2.10ConnectionClosed]
May 15, 2021 8:14:17 AM de.learnlib.logging.LearnLogger logQuery
INFO: [? | ServerHelloRSA ServerCertificate CertificateRequest ServerHelloDone ApplicationDataEmpty / ? | Empty Empty Empty HandshakeCertificateHandshakeClientKeyExchangeHandshakeCertificateVerifyChangeCipherSpecHandshakeFinished Alert2.10ConnectionClosed]
May 15, 2021 8:14:18 AM de.learnlib.logging.LearnLogger logQuery
INFO: [? | ServerHelloRSA ServerCertificate ServerHelloDone ChangeCipherSpec ApplicationDataEmpty / ? | Empty Empty HandshakeClientKeyExchangeChangeCipherSpecHandshakeFinished Empty Alert2.10ConnectionClosed]
May 15, 2021 8:14:18 AM de.learnlib.logging.LearnLogger logQuery
INFO: [? | ServerHelloRSA CertificateRequest / ? | Empty Alert2.10ConnectionClosed]
May 15, 2021 8:14:19 AM de.learnlib.logging.LearnLogger logQuery
INFO: [? | ServerHelloRSA ServerHelloDone / ? | Empty Alert2.10ConnectionClosed]
May 15, 2021 8:14:19 AM de.learnlib.logging.LearnLogger logQuery
INFO: [? | ServerHelloRSA ChangeCipherSpec / ? | Empty Alert2.10ConnectionClosed]
May 15, 2021 8:14:19 AM de.learnlib.logging.LearnLogger logQuery
INFO: [? | ServerHelloRSA Finished / ? | Empty Alert2.10ConnectionClosed]
May 15, 2021 8:14:20 AM de.learnlib.logging.LearnLogger logQuery
INFO: [? | ServerHelloRSA ApplicationData / ? | Empty Alert2.10ConnectionClosed]
May 15, 2021 8:14:20 AM de.learnlib.logging.LearnLogger logQuery
INFO: [? | ServerHelloRSA ApplicationDataEmpty / ? | Empty Alert2.10ConnectionClosed]
May 15, 2021 8:14:20 AM de.learnlib.logging.LearnLogger logQuery
INFO: [? | ServerCertificate ServerHelloRSA / ? | Alert2.10ConnectionClosed ConnectionClosed]
May 15, 2021 8:14:21 AM de.learnlib.logging.LearnLogger logQuery
INFO: [? | ServerCertificate ServerCertificate / ? | Alert2.10ConnectionClosed ConnectionClosed]
May 15, 2021 8:14:21 AM de.learnlib.logging.LearnLogger logQuery
INFO: [? | ServerCertificate CertificateRequest / ? | Alert2.10ConnectionClosed ConnectionClosed]
May 15, 2021 8:14:21 AM de.learnlib.logging.LearnLogger logQuery
INFO: [? | ServerCertificate ServerHelloDone / ? | Alert2.10ConnectionClosed ConnectionClosed]
May 15, 2021 8:14:22 AM de.learnlib.logging.LearnLogger logQuery
INFO: [? | ServerCertificate ChangeCipherSpec / ? | Alert2.10ConnectionClosed ConnectionClosed]
May 15, 2021 8:14:22 AM de.learnlib.logging.LearnLogger logQuery
INFO: [? | ServerCertificate Finished / ? | Alert2.10ConnectionClosed ConnectionClosed]
May 15, 2021 8:14:22 AM de.learnlib.logging.LearnLogger logQuery
INFO: [? | ServerCertificate ApplicationData / ? | Alert2.10ConnectionClosed ConnectionClosed]
May 15, 2021 8:14:22 AM de.learnlib.logging.LearnLogger logQuery
INFO: [? | ServerCertificate ApplicationDataEmpty / ? | Alert2.10ConnectionClosed ConnectionClosed]
May 15, 2021 8:14:23 AM de.learnlib.logging.LearnLogger logQuery
INFO: [? | ServerHelloRSA ServerCertificate ServerHelloRSA / ? | Empty Empty Alert2.10ConnectionClosed]
May 15, 2021 8:14:23 AM de.learnlib.logging.LearnLogger logQuery
INFO: [? | ServerHelloRSA ServerCertificate ServerCertificate / ? | Empty Empty Alert2.10ConnectionClosed]
May 15, 2021 8:14:24 AM de.learnlib.logging.LearnLogger logQuery
INFO: [? | ServerHelloRSA ServerCertificate CertificateRequest / ? | Empty Empty Empty]
May 15, 2021 8:14:25 AM de.learnlib.logging.LearnLogger logQuery
INFO: [? | ServerHelloRSA ServerCertificate CertificateRequest ServerHelloDone / ? | Empty Empty Empty HandshakeCertificateHandshakeClientKeyExchangeHandshakeCertificateVerifyChangeCipherSpecHandshakeFinished]
May 15, 2021 8:14:25 AM de.learnlib.logging.LearnLogger logQuery
INFO: [? | ServerHelloRSA ServerCertificate CertificateRequest ServerHelloDone ServerHelloRSA / ? | Empty Empty Empty HandshakeCertificateHandshakeClientKeyExchangeHandshakeCertificateVerifyChangeCipherSpecHandshakeFinished Alert2.10ConnectionClosed]
May 15, 2021 8:14:26 AM de.learnlib.logging.LearnLogger logQuery
INFO: [? | ServerHelloRSA ServerCertificate CertificateRequest ServerHelloDone ServerCertificate / ? | Empty Empty Empty HandshakeCertificateHandshakeClientKeyExchangeHandshakeCertificateVerifyChangeCipherSpecHandshakeFinished Alert2.10ConnectionClosed]
May 15, 2021 8:14:27 AM de.learnlib.logging.LearnLogger logQuery
INFO: [? | ServerHelloRSA ServerCertificate CertificateRequest ServerHelloDone CertificateRequest / ? | Empty Empty Empty HandshakeCertificateHandshakeClientKeyExchangeHandshakeCertificateVerifyChangeCipherSpecHandshakeFinished Alert2.10ConnectionClosed]
May 15, 2021 8:14:28 AM de.learnlib.logging.LearnLogger logQuery
INFO: [? | ServerHelloRSA ServerCertificate CertificateRequest ServerHelloDone ServerHelloDone / ? | Empty Empty Empty HandshakeCertificateHandshakeClientKeyExchangeHandshakeCertificateVerifyChangeCipherSpecHandshakeFinished Alert2.10ConnectionClosed]
May 15, 2021 8:14:28 AM de.learnlib.logging.LearnLogger logQuery
INFO: [? | ServerHelloRSA ServerCertificate CertificateRequest ServerHelloDone ChangeCipherSpec / ? | Empty Empty Empty HandshakeCertificateHandshakeClientKeyExchangeHandshakeCertificateVerifyChangeCipherSpecHandshakeFinished Empty]
May 15, 2021 8:14:29 AM de.learnlib.logging.LearnLogger logQuery
INFO: [? | ServerHelloRSA ServerCertificate CertificateRequest ServerHelloDone ChangeCipherSpec / ? | Empty Empty Empty HandshakeCertificateHandshakeClientKeyExchangeHandshakeCertificateVerifyChangeCipherSpecHandshakeFinished Empty]
May 15, 2021 8:14:30 AM de.learnlib.logging.LearnLogger logQuery
INFO: [? | ServerHelloRSA ServerCertificate CertificateRequest ServerHelloDone ChangeCipherSpec ServerHelloRSA / ? | Empty Empty Empty HandshakeCertificateHandshakeClientKeyExchangeHandshakeCertificateVerifyChangeCipherSpecHandshakeFinished Empty Alert2.10ConnectionClosed]
May 15, 2021 8:14:31 AM de.learnlib.logging.LearnLogger logQuery
INFO: [? | ServerHelloRSA ServerCertificate CertificateRequest ServerHelloDone ChangeCipherSpec ServerCertificate / ? | Empty Empty Empty HandshakeCertificateHandshakeClientKeyExchangeHandshakeCertificateVerifyChangeCipherSpecHandshakeFinished Empty Alert2.10ConnectionClosed]
May 15, 2021 8:14:32 AM de.learnlib.logging.LearnLogger logQuery
INFO: [? | ServerHelloRSA ServerCertificate CertificateRequest ServerHelloDone ChangeCipherSpec CertificateRequest / ? | Empty Empty Empty HandshakeCertificateHandshakeClientKeyExchangeHandshakeCertificateVerifyChangeCipherSpecHandshakeFinished Empty Alert2.10ConnectionClosed]
May 15, 2021 8:14:33 AM de.learnlib.logging.LearnLogger logQuery
INFO: [? | ServerHelloRSA ServerCertificate CertificateRequest ServerHelloDone ChangeCipherSpec ServerHelloDone / ? | Empty Empty Empty HandshakeCertificateHandshakeClientKeyExchangeHandshakeCertificateVerifyChangeCipherSpecHandshakeFinished Empty Alert2.10ConnectionClosed]
May 15, 2021 8:14:33 AM de.learnlib.logging.LearnLogger logQuery
INFO: [? | ServerHelloRSA ServerCertificate CertificateRequest ServerHelloDone ChangeCipherSpec ChangeCipherSpec / ? | Empty Empty Empty HandshakeCertificateHandshakeClientKeyExchangeHandshakeCertificateVerifyChangeCipherSpecHandshakeFinished Empty Alert2.10ConnectionClosed]
May 15, 2021 8:14:34 AM de.learnlib.logging.LearnLogger logQuery
INFO: [? | ServerHelloRSA ServerCertificate CertificateRequest ServerHelloDone ChangeCipherSpec Finished / ? | Empty Empty Empty HandshakeCertificateHandshakeClientKeyExchangeHandshakeCertificateVerifyChangeCipherSpecHandshakeFinished Empty ApplicationDataAlert1.0ConnectionClosed]
May 15, 2021 8:14:35 AM de.learnlib.logging.LearnLogger logQuery
INFO: [? | ServerHelloRSA ServerCertificate CertificateRequest ServerHelloDone ChangeCipherSpec ApplicationData / ? | Empty Empty Empty HandshakeCertificateHandshakeClientKeyExchangeHandshakeCertificateVerifyChangeCipherSpecHandshakeFinished Empty Alert2.10ConnectionClosed]
May 15, 2021 8:14:36 AM de.learnlib.logging.LearnLogger logQuery
INFO: [? | ServerHelloRSA ServerCertificate CertificateRequest ServerHelloDone ChangeCipherSpec ApplicationDataEmpty / ? | Empty Empty Empty HandshakeCertificateHandshakeClientKeyExchangeHandshakeCertificateVerifyChangeCipherSpecHandshakeFinished Empty Alert2.10ConnectionClosed]
May 15, 2021 8:14:36 AM de.learnlib.logging.LearnLogger logQuery
INFO: [? | ServerHelloRSA ServerCertificate ServerHelloDone / ? | Empty Empty HandshakeClientKeyExchangeChangeCipherSpecHandshakeFinished]
May 15, 2021 8:14:37 AM de.learnlib.logging.LearnLogger logQuery
INFO: [? | ServerHelloRSA ServerCertificate ServerHelloDone ChangeCipherSpec / ? | Empty Empty HandshakeClientKeyExchangeChangeCipherSpecHandshakeFinished Empty]
May 15, 2021 8:14:38 AM de.learnlib.logging.LearnLogger logQuery
INFO: [? | ServerHelloRSA ServerCertificate ServerHelloDone ChangeCipherSpec ServerHelloRSA / ? | Empty Empty HandshakeClientKeyExchangeChangeCipherSpecHandshakeFinished Empty Alert2.10ConnectionClosed]
May 15, 2021 8:14:39 AM de.learnlib.logging.LearnLogger logQuery
INFO: [? | ServerHelloRSA ServerCertificate ServerHelloDone ChangeCipherSpec ServerCertificate / ? | Empty Empty HandshakeClientKeyExchangeChangeCipherSpecHandshakeFinished Empty Alert2.10ConnectionClosed]
May 15, 2021 8:14:39 AM de.learnlib.logging.LearnLogger logQuery
INFO: [? | ServerHelloRSA ServerCertificate ServerHelloDone ChangeCipherSpec CertificateRequest / ? | Empty Empty HandshakeClientKeyExchangeChangeCipherSpecHandshakeFinished Empty Alert2.10ConnectionClosed]
May 15, 2021 8:14:40 AM de.learnlib.logging.LearnLogger logQuery
INFO: [? | ServerHelloRSA ServerCertificate ServerHelloDone ChangeCipherSpec ServerHelloDone / ? | Empty Empty HandshakeClientKeyExchangeChangeCipherSpecHandshakeFinished Empty Alert2.10ConnectionClosed]
May 15, 2021 8:14:41 AM de.learnlib.logging.LearnLogger logQuery
INFO: [? | ServerHelloRSA ServerCertificate ServerHelloDone ChangeCipherSpec ChangeCipherSpec / ? | Empty Empty HandshakeClientKeyExchangeChangeCipherSpecHandshakeFinished Empty Alert2.10ConnectionClosed]
May 15, 2021 8:14:41 AM de.learnlib.logging.LearnLogger logQuery
INFO: [? | ServerHelloRSA ServerCertificate ChangeCipherSpec / ? | Empty Empty Alert2.10ConnectionClosed]
May 15, 2021 8:14:42 AM de.learnlib.logging.LearnLogger logQuery
INFO: [? | ServerHelloRSA ServerCertificate Finished / ? | Empty Empty Alert2.10ConnectionClosed]
May 15, 2021 8:14:42 AM de.learnlib.logging.LearnLogger logQuery
INFO: [? | ServerHelloRSA ServerCertificate ApplicationData / ? | Empty Empty Alert2.10ConnectionClosed]
May 15, 2021 8:14:43 AM de.learnlib.logging.LearnLogger logQuery
INFO: [? | ServerHelloRSA ServerCertificate ApplicationDataEmpty / ? | Empty Empty Alert2.10ConnectionClosed]
May 15, 2021 8:14:43 AM de.learnlib.logging.LearnLogger logQuery
INFO: [? | ServerHelloRSA ServerCertificate CertificateRequest ServerHelloRSA / ? | Empty Empty Empty Alert2.10ConnectionClosed]
May 15, 2021 8:14:44 AM de.learnlib.logging.LearnLogger logQuery
INFO: [? | ServerHelloRSA ServerCertificate CertificateRequest ServerCertificate / ? | Empty Empty Empty Alert2.10ConnectionClosed]
May 15, 2021 8:14:44 AM de.learnlib.logging.LearnLogger logQuery
INFO: [? | ServerHelloRSA ServerCertificate CertificateRequest CertificateRequest / ? | Empty Empty Empty Alert2.10ConnectionClosed]
May 15, 2021 8:14:45 AM de.learnlib.logging.LearnLogger logQuery
INFO: [? | ServerHelloRSA ServerCertificate CertificateRequest ServerHelloDone / ? | Empty Empty Empty HandshakeCertificateHandshakeClientKeyExchangeHandshakeCertificateVerifyChangeCipherSpecHandshakeFinished]
May 15, 2021 8:14:46 AM de.learnlib.logging.LearnLogger logQuery
INFO: [? | ServerHelloRSA ServerCertificate CertificateRequest ServerHelloDone ChangeCipherSpec / ? | Empty Empty Empty HandshakeCertificateHandshakeClientKeyExchangeHandshakeCertificateVerifyChangeCipherSpecHandshakeFinished Empty]
May 15, 2021 8:14:47 AM de.learnlib.logging.LearnLogger logQuery
INFO: [? | ServerHelloRSA ServerCertificate CertificateRequest ServerHelloDone ChangeCipherSpec ServerHelloRSA / ? | Empty Empty Empty HandshakeCertificateHandshakeClientKeyExchangeHandshakeCertificateVerifyChangeCipherSpecHandshakeFinished Empty Alert2.10ConnectionClosed]
May 15, 2021 8:14:48 AM de.learnlib.logging.LearnLogger logQuery
INFO: [? | ServerHelloRSA ServerCertificate CertificateRequest ServerHelloDone ChangeCipherSpec ServerCertificate / ? | Empty Empty Empty HandshakeCertificateHandshakeClientKeyExchangeHandshakeCertificateVerifyChangeCipherSpecHandshakeFinished Empty Alert2.10ConnectionClosed]
May 15, 2021 8:14:48 AM de.learnlib.logging.LearnLogger logQuery
INFO: [? | ServerHelloRSA ServerCertificate CertificateRequest ServerHelloDone ChangeCipherSpec CertificateRequest / ? | Empty Empty Empty HandshakeCertificateHandshakeClientKeyExchangeHandshakeCertificateVerifyChangeCipherSpecHandshakeFinished Empty Alert2.10ConnectionClosed]
May 15, 2021 8:14:49 AM de.learnlib.logging.LearnLogger logQuery
INFO: [? | ServerHelloRSA ServerCertificate CertificateRequest ServerHelloDone ChangeCipherSpec ServerHelloDone / ? | Empty Empty Empty HandshakeCertificateHandshakeClientKeyExchangeHandshakeCertificateVerifyChangeCipherSpecHandshakeFinished Empty Alert2.10ConnectionClosed]
May 15, 2021 8:14:50 AM de.learnlib.logging.LearnLogger logQuery
INFO: [? | ServerHelloRSA ServerCertificate CertificateRequest ServerHelloDone ChangeCipherSpec ChangeCipherSpec / ? | Empty Empty Empty HandshakeCertificateHandshakeClientKeyExchangeHandshakeCertificateVerifyChangeCipherSpecHandshakeFinished Empty Alert2.10ConnectionClosed]
May 15, 2021 8:14:51 AM de.learnlib.logging.LearnLogger logQuery
INFO: [? | ServerHelloRSA ServerCertificate CertificateRequest ChangeCipherSpec / ? | Empty Empty Empty Alert2.10ConnectionClosed]
May 15, 2021 8:14:51 AM de.learnlib.logging.LearnLogger logQuery
INFO: [? | ServerHelloRSA ServerCertificate CertificateRequest Finished / ? | Empty Empty Empty Alert2.10ConnectionClosed]
May 15, 2021 8:14:52 AM de.learnlib.logging.LearnLogger logQuery
INFO: [? | ServerHelloRSA ServerCertificate CertificateRequest ApplicationData / ? | Empty Empty Empty Alert2.10ConnectionClosed]
May 15, 2021 8:14:52 AM de.learnlib.logging.LearnLogger logQuery
INFO: [? | ServerHelloRSA ServerCertificate CertificateRequest ApplicationDataEmpty / ? | Empty Empty Empty Alert2.10ConnectionClosed]
May 15, 2021 8:14:53 AM de.learnlib.logging.LearnLogger logQuery
INFO: [? | ServerHelloRSA ServerCertificate ServerHelloDone ServerHelloRSA / ? | Empty Empty HandshakeClientKeyExchangeChangeCipherSpecHandshakeFinished Alert2.10ConnectionClosed]
May 15, 2021 8:14:54 AM de.learnlib.logging.LearnLogger logQuery
INFO: [? | ServerHelloRSA ServerCertificate ServerHelloDone ServerCertificate / ? | Empty Empty HandshakeClientKeyExchangeChangeCipherSpecHandshakeFinished Alert2.10ConnectionClosed]
May 15, 2021 8:14:54 AM de.learnlib.logging.LearnLogger logQuery
INFO: [? | ServerHelloRSA ServerCertificate ServerHelloDone CertificateRequest / ? | Empty Empty HandshakeClientKeyExchangeChangeCipherSpecHandshakeFinished Alert2.10ConnectionClosed]
May 15, 2021 8:14:55 AM de.learnlib.logging.LearnLogger logQuery
INFO: [? | ServerHelloRSA ServerCertificate ServerHelloDone ServerHelloDone / ? | Empty Empty HandshakeClientKeyExchangeChangeCipherSpecHandshakeFinished Alert2.10ConnectionClosed]
May 15, 2021 8:14:56 AM de.learnlib.logging.LearnLogger logQuery
INFO: [? | ServerHelloRSA ServerCertificate ServerHelloDone ChangeCipherSpec / ? | Empty Empty HandshakeClientKeyExchangeChangeCipherSpecHandshakeFinished Empty]
May 15, 2021 8:14:56 AM de.learnlib.logging.LearnLogger logQuery
INFO: [? | ServerHelloRSA ServerCertificate ServerHelloDone Finished / ? | Empty Empty HandshakeClientKeyExchangeChangeCipherSpecHandshakeFinished Alert2.10ConnectionClosed]
May 15, 2021 8:14:57 AM de.learnlib.logging.LearnLogger logQuery
INFO: [? | ServerHelloRSA ServerCertificate ServerHelloDone ApplicationData / ? | Empty Empty HandshakeClientKeyExchangeChangeCipherSpecHandshakeFinished Alert2.10ConnectionClosed]
May 15, 2021 8:14:57 AM de.learnlib.logging.LearnLogger logQuery
INFO: [? | ServerHelloRSA ServerCertificate ServerHelloDone ApplicationDataEmpty / ? | Empty Empty HandshakeClientKeyExchangeChangeCipherSpecHandshakeFinished Alert2.10ConnectionClosed]
May 15, 2021 8:14:58 AM de.learnlib.logging.LearnLogger logQuery
INFO: [? | ServerHelloRSA ServerCertificate ServerHelloDone ChangeCipherSpec ServerHelloRSA / ? | Empty Empty HandshakeClientKeyExchangeChangeCipherSpecHandshakeFinished Empty Alert2.10ConnectionClosed]
May 15, 2021 8:14:59 AM de.learnlib.logging.LearnLogger logQuery
INFO: [? | ServerHelloRSA ServerCertificate ServerHelloDone ChangeCipherSpec ServerCertificate / ? | Empty Empty HandshakeClientKeyExchangeChangeCipherSpecHandshakeFinished Empty Alert2.10ConnectionClosed]
May 15, 2021 8:14:59 AM de.learnlib.logging.LearnLogger logQuery
INFO: [? | ServerHelloRSA ServerCertificate ServerHelloDone ChangeCipherSpec CertificateRequest / ? | Empty Empty HandshakeClientKeyExchangeChangeCipherSpecHandshakeFinished Empty Alert2.10ConnectionClosed]
May 15, 2021 8:15:00 AM de.learnlib.logging.LearnLogger logQuery
INFO: [? | ServerHelloRSA ServerCertificate ServerHelloDone ChangeCipherSpec ServerHelloDone / ? | Empty Empty HandshakeClientKeyExchangeChangeCipherSpecHandshakeFinished Empty Alert2.10ConnectionClosed]
May 15, 2021 8:15:01 AM de.learnlib.logging.LearnLogger logQuery
INFO: [? | ServerHelloRSA ServerCertificate ServerHelloDone ChangeCipherSpec ChangeCipherSpec / ? | Empty Empty HandshakeClientKeyExchangeChangeCipherSpecHandshakeFinished Empty Alert2.10ConnectionClosed]
May 15, 2021 8:15:02 AM de.learnlib.logging.LearnLogger logQuery
INFO: [? | ServerHelloRSA ServerCertificate ServerHelloDone ChangeCipherSpec Finished / ? | Empty Empty HandshakeClientKeyExchangeChangeCipherSpecHandshakeFinished Empty ApplicationDataAlert1.0ConnectionClosed]
May 15, 2021 8:15:02 AM de.learnlib.logging.LearnLogger logQuery
INFO: [? | ServerHelloRSA ServerCertificate ServerHelloDone ChangeCipherSpec ApplicationData / ? | Empty Empty HandshakeClientKeyExchangeChangeCipherSpecHandshakeFinished Empty Alert2.10ConnectionClosed]
May 15, 2021 8:15:03 AM de.learnlib.logging.LearnLogger logQuery
INFO: [? | ServerHelloRSA ServerCertificate ServerHelloDone ChangeCipherSpec ApplicationDataEmpty / ? | Empty Empty HandshakeClientKeyExchangeChangeCipherSpecHandshakeFinished Empty Alert2.10ConnectionClosed]
