May 13, 2021 4:40:58 AM de.learnlib.logging.LearnLogger logQuery
INFO: [? | ? / ? | ?]
May 13, 2021 4:40:58 AM de.learnlib.logging.LearnLogger logQuery
INFO: [? | ClientHelloRSA / ? | HandshakeServerHelloTLSv12HandshakeCertificateHandshakeServerHelloDone]
May 13, 2021 4:40:58 AM de.learnlib.logging.LearnLogger logQuery
INFO: [? | ClientHelloRSA ClientHelloRSA / ? | HandshakeServerHelloTLSv12HandshakeCertificateHandshakeServerHelloDone Alert2.10ConnectionClosed]
May 13, 2021 4:40:58 AM de.learnlib.logging.LearnLogger logQuery
INFO: [? | ClientHelloRSA ClientKeyExchange / ? | HandshakeServerHelloTLSv12HandshakeCertificateHandshakeServerHelloDone Empty]
May 13, 2021 4:40:59 AM de.learnlib.logging.LearnLogger logQuery
INFO: [? | ClientHelloRSA ChangeCipherSpec / ? | HandshakeServerHelloTLSv12HandshakeCertificateHandshakeServerHelloDone Alert2.10ConnectionClosed]
May 13, 2021 4:40:59 AM de.learnlib.logging.LearnLogger logQuery
INFO: [? | ClientHelloDHE / ? | HandshakeServerHelloTLSv12HandshakeCertificateHandshakeServerKeyExchangeHandshakeServerHelloDone]
May 13, 2021 4:40:59 AM de.learnlib.logging.LearnLogger logQuery
INFO: [? | ClientHelloDHE ClientHelloRSA / ? | HandshakeServerHelloTLSv12HandshakeCertificateHandshakeServerKeyExchangeHandshakeServerHelloDone Alert2.10ConnectionClosed]
May 13, 2021 4:40:59 AM de.learnlib.logging.LearnLogger logQuery
INFO: [? | ClientHelloDHE ClientKeyExchange / ? | HandshakeServerHelloTLSv12HandshakeCertificateHandshakeServerKeyExchangeHandshakeServerHelloDone Empty]
May 13, 2021 4:40:59 AM de.learnlib.logging.LearnLogger logQuery
INFO: [? | ClientHelloDHE ChangeCipherSpec / ? | HandshakeServerHelloTLSv12HandshakeCertificateHandshakeServerKeyExchangeHandshakeServerHelloDone Alert2.10ConnectionClosed]
May 13, 2021 4:40:59 AM de.learnlib.logging.LearnLogger logQuery
INFO: [? | EmptyCertificate / ? | Alert2.10ConnectionClosed]
May 13, 2021 4:40:59 AM de.learnlib.logging.LearnLogger logQuery
INFO: [? | ClientKeyExchange / ? | Alert2.10ConnectionClosed]
May 13, 2021 4:40:59 AM de.learnlib.logging.LearnLogger logQuery
INFO: [? | ChangeCipherSpec / ? | Alert2.10ConnectionClosed]
May 13, 2021 4:40:59 AM de.learnlib.logging.LearnLogger logQuery
INFO: [? | Finished / ? | Alert2.10ConnectionClosed]
May 13, 2021 4:40:59 AM de.learnlib.logging.LearnLogger logQuery
INFO: [? | ApplicationData / ? | Alert2.10ConnectionClosed]
May 13, 2021 4:40:59 AM de.learnlib.logging.LearnLogger logQuery
INFO: [? | ApplicationDataEmpty / ? | Alert2.10ConnectionClosed]
May 13, 2021 4:40:59 AM de.learnlib.logging.LearnLogger logQuery
INFO: [? | Alert10 / ? | Alert2.10ConnectionClosed]
May 13, 2021 4:40:59 AM de.learnlib.logging.LearnLogger logQuery
INFO: [? | ClientHelloRSA ClientHelloDHE / ? | HandshakeServerHelloTLSv12HandshakeCertificateHandshakeServerHelloDone Alert2.10ConnectionClosed]
May 13, 2021 4:40:59 AM de.learnlib.logging.LearnLogger logQuery
INFO: [? | ClientHelloDHE ClientHelloDHE / ? | HandshakeServerHelloTLSv12HandshakeCertificateHandshakeServerKeyExchangeHandshakeServerHelloDone Alert2.10ConnectionClosed]
May 13, 2021 4:40:59 AM de.learnlib.logging.LearnLogger logQuery
INFO: [? | ClientHelloRSA EmptyCertificate / ? | HandshakeServerHelloTLSv12HandshakeCertificateHandshakeServerHelloDone Alert2.10ConnectionClosed]
May 13, 2021 4:41:00 AM de.learnlib.logging.LearnLogger logQuery
INFO: [? | ClientHelloDHE EmptyCertificate / ? | HandshakeServerHelloTLSv12HandshakeCertificateHandshakeServerKeyExchangeHandshakeServerHelloDone Alert2.10ConnectionClosed]
May 13, 2021 4:41:00 AM de.learnlib.logging.LearnLogger logQuery
INFO: [? | ClientHelloRSA ClientKeyExchange / ? | HandshakeServerHelloTLSv12HandshakeCertificateHandshakeServerHelloDone Empty]
May 13, 2021 4:41:00 AM de.learnlib.logging.LearnLogger logQuery
INFO: [? | ClientHelloRSA ClientKeyExchange ClientHelloRSA / ? | HandshakeServerHelloTLSv12HandshakeCertificateHandshakeServerHelloDone Empty Alert2.10ConnectionClosed]
May 13, 2021 4:41:00 AM de.learnlib.logging.LearnLogger logQuery
INFO: [? | ClientHelloRSA ClientKeyExchange ClientKeyExchange / ? | HandshakeServerHelloTLSv12HandshakeCertificateHandshakeServerHelloDone Empty Alert2.10ConnectionClosed]
May 13, 2021 4:41:00 AM de.learnlib.logging.LearnLogger logQuery
INFO: [? | ClientHelloRSA ClientKeyExchange ChangeCipherSpec / ? | HandshakeServerHelloTLSv12HandshakeCertificateHandshakeServerHelloDone Empty Empty]
May 13, 2021 4:41:01 AM de.learnlib.logging.LearnLogger logQuery
INFO: [? | ClientHelloDHE ClientKeyExchange / ? | HandshakeServerHelloTLSv12HandshakeCertificateHandshakeServerKeyExchangeHandshakeServerHelloDone Empty]
May 13, 2021 4:41:01 AM de.learnlib.logging.LearnLogger logQuery
INFO: [? | ClientHelloDHE ClientKeyExchange ClientHelloRSA / ? | HandshakeServerHelloTLSv12HandshakeCertificateHandshakeServerKeyExchangeHandshakeServerHelloDone Empty Alert2.10ConnectionClosed]
May 13, 2021 4:41:01 AM de.learnlib.logging.LearnLogger logQuery
INFO: [? | ClientHelloDHE ClientKeyExchange ClientKeyExchange / ? | HandshakeServerHelloTLSv12HandshakeCertificateHandshakeServerKeyExchangeHandshakeServerHelloDone Empty Alert2.10ConnectionClosed]
May 13, 2021 4:41:01 AM de.learnlib.logging.LearnLogger logQuery
INFO: [? | ClientHelloDHE ClientKeyExchange ChangeCipherSpec / ? | HandshakeServerHelloTLSv12HandshakeCertificateHandshakeServerKeyExchangeHandshakeServerHelloDone Empty Empty]
May 13, 2021 4:41:01 AM de.learnlib.logging.LearnLogger logQuery
INFO: [? | ClientHelloRSA Finished / ? | HandshakeServerHelloTLSv12HandshakeCertificateHandshakeServerHelloDone Alert2.10ConnectionClosed]
May 13, 2021 4:41:02 AM de.learnlib.logging.LearnLogger logQuery
INFO: [? | ClientHelloDHE Finished / ? | HandshakeServerHelloTLSv12HandshakeCertificateHandshakeServerKeyExchangeHandshakeServerHelloDone Alert2.10ConnectionClosed]
May 13, 2021 4:41:02 AM de.learnlib.logging.LearnLogger logQuery
INFO: [? | ClientHelloRSA ApplicationData / ? | HandshakeServerHelloTLSv12HandshakeCertificateHandshakeServerHelloDone Alert2.10ConnectionClosed]
May 13, 2021 4:41:02 AM de.learnlib.logging.LearnLogger logQuery
INFO: [? | ClientHelloDHE ApplicationData / ? | HandshakeServerHelloTLSv12HandshakeCertificateHandshakeServerKeyExchangeHandshakeServerHelloDone Alert2.10ConnectionClosed]
May 13, 2021 4:41:02 AM de.learnlib.logging.LearnLogger logQuery
INFO: [? | ClientHelloRSA ApplicationDataEmpty / ? | HandshakeServerHelloTLSv12HandshakeCertificateHandshakeServerHelloDone Alert2.10ConnectionClosed]
May 13, 2021 4:41:02 AM de.learnlib.logging.LearnLogger logQuery
INFO: [? | ClientHelloDHE ApplicationDataEmpty / ? | HandshakeServerHelloTLSv12HandshakeCertificateHandshakeServerKeyExchangeHandshakeServerHelloDone Alert2.10ConnectionClosed]
May 13, 2021 4:41:02 AM de.learnlib.logging.LearnLogger logQuery
INFO: [? | ClientHelloRSA Alert10 / ? | HandshakeServerHelloTLSv12HandshakeCertificateHandshakeServerHelloDone ConnectionClosed]
May 13, 2021 4:41:02 AM de.learnlib.logging.LearnLogger logQuery
INFO: [? | ClientHelloDHE Alert10 / ? | HandshakeServerHelloTLSv12HandshakeCertificateHandshakeServerKeyExchangeHandshakeServerHelloDone ConnectionClosed]
May 13, 2021 4:41:02 AM de.learnlib.logging.LearnLogger logQuery
INFO: [? | ClientHelloRSA ClientKeyExchange ClientHelloDHE / ? | HandshakeServerHelloTLSv12HandshakeCertificateHandshakeServerHelloDone Empty Alert2.10ConnectionClosed]
May 13, 2021 4:41:03 AM de.learnlib.logging.LearnLogger logQuery
INFO: [? | ClientHelloDHE ClientKeyExchange ClientHelloDHE / ? | HandshakeServerHelloTLSv12HandshakeCertificateHandshakeServerKeyExchangeHandshakeServerHelloDone Empty Alert2.10ConnectionClosed]
May 13, 2021 4:41:03 AM de.learnlib.logging.LearnLogger logQuery
INFO: [? | ClientHelloRSA ClientKeyExchange EmptyCertificate / ? | HandshakeServerHelloTLSv12HandshakeCertificateHandshakeServerHelloDone Empty Alert2.10ConnectionClosed]
May 13, 2021 4:41:03 AM de.learnlib.logging.LearnLogger logQuery
INFO: [? | ClientHelloDHE ClientKeyExchange EmptyCertificate / ? | HandshakeServerHelloTLSv12HandshakeCertificateHandshakeServerKeyExchangeHandshakeServerHelloDone Empty Alert2.10ConnectionClosed]
May 13, 2021 4:41:03 AM de.learnlib.logging.LearnLogger logQuery
INFO: [? | ClientHelloRSA ClientKeyExchange ChangeCipherSpec / ? | HandshakeServerHelloTLSv12HandshakeCertificateHandshakeServerHelloDone Empty Empty]
May 13, 2021 4:41:04 AM de.learnlib.logging.LearnLogger logQuery
INFO: [? | ClientHelloRSA ClientKeyExchange ChangeCipherSpec ClientHelloRSA / ? | HandshakeServerHelloTLSv12HandshakeCertificateHandshakeServerHelloDone Empty Empty Alert2.10ConnectionClosed]
May 13, 2021 4:41:04 AM de.learnlib.logging.LearnLogger logQuery
INFO: [? | ClientHelloRSA ClientKeyExchange ChangeCipherSpec ClientKeyExchange / ? | HandshakeServerHelloTLSv12HandshakeCertificateHandshakeServerHelloDone Empty Empty Alert2.10ConnectionClosed]
May 13, 2021 4:41:04 AM de.learnlib.logging.LearnLogger logQuery
INFO: [? | ClientHelloRSA ClientKeyExchange ChangeCipherSpec ChangeCipherSpec / ? | HandshakeServerHelloTLSv12HandshakeCertificateHandshakeServerHelloDone Empty Empty Alert2.10ConnectionClosed]
May 13, 2021 4:41:05 AM de.learnlib.logging.LearnLogger logQuery
INFO: [? | ClientHelloDHE ClientKeyExchange ChangeCipherSpec / ? | HandshakeServerHelloTLSv12HandshakeCertificateHandshakeServerKeyExchangeHandshakeServerHelloDone Empty Empty]
May 13, 2021 4:41:05 AM de.learnlib.logging.LearnLogger logQuery
INFO: [? | ClientHelloDHE ClientKeyExchange ChangeCipherSpec ClientHelloRSA / ? | HandshakeServerHelloTLSv12HandshakeCertificateHandshakeServerKeyExchangeHandshakeServerHelloDone Empty Empty Alert2.10ConnectionClosed]
May 13, 2021 4:41:05 AM de.learnlib.logging.LearnLogger logQuery
INFO: [? | ClientHelloDHE ClientKeyExchange ChangeCipherSpec ClientKeyExchange / ? | HandshakeServerHelloTLSv12HandshakeCertificateHandshakeServerKeyExchangeHandshakeServerHelloDone Empty Empty Alert2.10ConnectionClosed]
May 13, 2021 4:41:06 AM de.learnlib.logging.LearnLogger logQuery
INFO: [? | ClientHelloDHE ClientKeyExchange ChangeCipherSpec ChangeCipherSpec / ? | HandshakeServerHelloTLSv12HandshakeCertificateHandshakeServerKeyExchangeHandshakeServerHelloDone Empty Empty Alert2.10ConnectionClosed]
May 13, 2021 4:41:06 AM de.learnlib.logging.LearnLogger logQuery
INFO: [? | ClientHelloRSA ClientKeyExchange Finished / ? | HandshakeServerHelloTLSv12HandshakeCertificateHandshakeServerHelloDone Empty Alert2.10ConnectionClosed]
May 13, 2021 4:41:06 AM de.learnlib.logging.LearnLogger logQuery
INFO: [? | ClientHelloDHE ClientKeyExchange Finished / ? | HandshakeServerHelloTLSv12HandshakeCertificateHandshakeServerKeyExchangeHandshakeServerHelloDone Empty Alert2.10ConnectionClosed]
May 13, 2021 4:41:06 AM de.learnlib.logging.LearnLogger logQuery
INFO: [? | ClientHelloRSA ClientKeyExchange ApplicationData / ? | HandshakeServerHelloTLSv12HandshakeCertificateHandshakeServerHelloDone Empty Alert2.10ConnectionClosed]
May 13, 2021 4:41:06 AM de.learnlib.logging.LearnLogger logQuery
INFO: [? | ClientHelloDHE ClientKeyExchange ApplicationData / ? | HandshakeServerHelloTLSv12HandshakeCertificateHandshakeServerKeyExchangeHandshakeServerHelloDone Empty Alert2.10ConnectionClosed]
May 13, 2021 4:41:07 AM de.learnlib.logging.LearnLogger logQuery
INFO: [? | ClientHelloRSA ClientKeyExchange ApplicationDataEmpty / ? | HandshakeServerHelloTLSv12HandshakeCertificateHandshakeServerHelloDone Empty Alert2.10ConnectionClosed]
May 13, 2021 4:41:07 AM de.learnlib.logging.LearnLogger logQuery
INFO: [? | ClientHelloDHE ClientKeyExchange ApplicationDataEmpty / ? | HandshakeServerHelloTLSv12HandshakeCertificateHandshakeServerKeyExchangeHandshakeServerHelloDone Empty Alert2.10ConnectionClosed]
May 13, 2021 4:41:07 AM de.learnlib.logging.LearnLogger logQuery
INFO: [? | ClientHelloRSA ClientKeyExchange Alert10 / ? | HandshakeServerHelloTLSv12HandshakeCertificateHandshakeServerHelloDone Empty ConnectionClosed]
May 13, 2021 4:41:07 AM de.learnlib.logging.LearnLogger logQuery
INFO: [? | ClientHelloDHE ClientKeyExchange Alert10 / ? | HandshakeServerHelloTLSv12HandshakeCertificateHandshakeServerKeyExchangeHandshakeServerHelloDone Empty ConnectionClosed]
May 13, 2021 4:41:08 AM de.learnlib.logging.LearnLogger logQuery
INFO: [? | ClientHelloRSA ClientKeyExchange ChangeCipherSpec ClientHelloDHE / ? | HandshakeServerHelloTLSv12HandshakeCertificateHandshakeServerHelloDone Empty Empty Alert2.10ConnectionClosed]
May 13, 2021 4:41:08 AM de.learnlib.logging.LearnLogger logQuery
INFO: [? | ClientHelloDHE ClientKeyExchange ChangeCipherSpec ClientHelloDHE / ? | HandshakeServerHelloTLSv12HandshakeCertificateHandshakeServerKeyExchangeHandshakeServerHelloDone Empty Empty Alert2.10ConnectionClosed]
May 13, 2021 4:41:08 AM de.learnlib.logging.LearnLogger logQuery
INFO: [? | ClientHelloRSA ClientKeyExchange ChangeCipherSpec EmptyCertificate / ? | HandshakeServerHelloTLSv12HandshakeCertificateHandshakeServerHelloDone Empty Empty Alert2.10ConnectionClosed]
May 13, 2021 4:41:08 AM de.learnlib.logging.LearnLogger logQuery
INFO: [? | ClientHelloDHE ClientKeyExchange ChangeCipherSpec EmptyCertificate / ? | HandshakeServerHelloTLSv12HandshakeCertificateHandshakeServerKeyExchangeHandshakeServerHelloDone Empty Empty Alert2.10ConnectionClosed]
May 13, 2021 4:41:09 AM de.learnlib.logging.LearnLogger logQuery
INFO: [? | ClientHelloRSA ClientKeyExchange ChangeCipherSpec Finished / ? | HandshakeServerHelloTLSv12HandshakeCertificateHandshakeServerHelloDone Empty Empty ChangeCipherSpecHandshakeFinished]
May 13, 2021 4:41:09 AM de.learnlib.logging.LearnLogger logQuery
INFO: [? | ClientHelloRSA ClientKeyExchange ChangeCipherSpec Finished ClientHelloRSA / ? | HandshakeServerHelloTLSv12HandshakeCertificateHandshakeServerHelloDone Empty Empty ChangeCipherSpecHandshakeFinished Alert2.40ConnectionClosed]
May 13, 2021 4:41:10 AM de.learnlib.logging.LearnLogger logQuery
INFO: [? | ClientHelloRSA ClientKeyExchange ChangeCipherSpec Finished ClientKeyExchange / ? | HandshakeServerHelloTLSv12HandshakeCertificateHandshakeServerHelloDone Empty Empty ChangeCipherSpecHandshakeFinished Alert2.10ConnectionClosed]
May 13, 2021 4:41:10 AM de.learnlib.logging.LearnLogger logQuery
INFO: [? | ClientHelloRSA ClientKeyExchange ChangeCipherSpec Finished ChangeCipherSpec / ? | HandshakeServerHelloTLSv12HandshakeCertificateHandshakeServerHelloDone Empty Empty ChangeCipherSpecHandshakeFinished Alert2.10ConnectionClosed]
May 13, 2021 4:41:10 AM de.learnlib.logging.LearnLogger logQuery
INFO: [? | ClientHelloDHE ClientKeyExchange ChangeCipherSpec Finished / ? | HandshakeServerHelloTLSv12HandshakeCertificateHandshakeServerKeyExchangeHandshakeServerHelloDone Empty Empty ChangeCipherSpecHandshakeFinished]
May 13, 2021 4:41:11 AM de.learnlib.logging.LearnLogger logQuery
INFO: [? | ClientHelloDHE ClientKeyExchange ChangeCipherSpec Finished ClientHelloRSA / ? | HandshakeServerHelloTLSv12HandshakeCertificateHandshakeServerKeyExchangeHandshakeServerHelloDone Empty Empty ChangeCipherSpecHandshakeFinished Alert2.40ConnectionClosed]
May 13, 2021 4:41:11 AM de.learnlib.logging.LearnLogger logQuery
INFO: [? | ClientHelloDHE ClientKeyExchange ChangeCipherSpec Finished ClientKeyExchange / ? | HandshakeServerHelloTLSv12HandshakeCertificateHandshakeServerKeyExchangeHandshakeServerHelloDone Empty Empty ChangeCipherSpecHandshakeFinished Alert2.10ConnectionClosed]
May 13, 2021 4:41:12 AM de.learnlib.logging.LearnLogger logQuery
INFO: [? | ClientHelloDHE ClientKeyExchange ChangeCipherSpec Finished ChangeCipherSpec / ? | HandshakeServerHelloTLSv12HandshakeCertificateHandshakeServerKeyExchangeHandshakeServerHelloDone Empty Empty ChangeCipherSpecHandshakeFinished Alert2.10ConnectionClosed]
May 13, 2021 4:41:12 AM de.learnlib.logging.LearnLogger logQuery
INFO: [? | ClientHelloRSA ClientKeyExchange ChangeCipherSpec ApplicationData / ? | HandshakeServerHelloTLSv12HandshakeCertificateHandshakeServerHelloDone Empty Empty Alert2.10ConnectionClosed]
May 13, 2021 4:41:12 AM de.learnlib.logging.LearnLogger logQuery
INFO: [? | ClientHelloDHE ClientKeyExchange ChangeCipherSpec ApplicationData / ? | HandshakeServerHelloTLSv12HandshakeCertificateHandshakeServerKeyExchangeHandshakeServerHelloDone Empty Empty Alert2.10ConnectionClosed]
May 13, 2021 4:41:13 AM de.learnlib.logging.LearnLogger logQuery
INFO: [? | ClientHelloRSA ClientKeyExchange ChangeCipherSpec ApplicationDataEmpty / ? | HandshakeServerHelloTLSv12HandshakeCertificateHandshakeServerHelloDone Empty Empty Alert2.10ConnectionClosed]
May 13, 2021 4:41:13 AM de.learnlib.logging.LearnLogger logQuery
INFO: [? | ClientHelloDHE ClientKeyExchange ChangeCipherSpec ApplicationDataEmpty / ? | HandshakeServerHelloTLSv12HandshakeCertificateHandshakeServerKeyExchangeHandshakeServerHelloDone Empty Empty Alert2.10ConnectionClosed]
May 13, 2021 4:41:13 AM de.learnlib.logging.LearnLogger logQuery
INFO: [? | ClientHelloRSA ClientKeyExchange ChangeCipherSpec Alert10 / ? | HandshakeServerHelloTLSv12HandshakeCertificateHandshakeServerHelloDone Empty Empty Alert2.10ConnectionClosed]
May 13, 2021 4:41:14 AM de.learnlib.logging.LearnLogger logQuery
INFO: [? | ClientHelloDHE ClientKeyExchange ChangeCipherSpec Alert10 / ? | HandshakeServerHelloTLSv12HandshakeCertificateHandshakeServerKeyExchangeHandshakeServerHelloDone Empty Empty Alert2.10ConnectionClosed]
May 13, 2021 4:41:14 AM de.learnlib.logging.LearnLogger logQuery
INFO: [? | ClientHelloRSA ClientKeyExchange ChangeCipherSpec Finished ClientHelloDHE / ? | HandshakeServerHelloTLSv12HandshakeCertificateHandshakeServerHelloDone Empty Empty ChangeCipherSpecHandshakeFinished Alert2.40ConnectionClosed]
May 13, 2021 4:41:14 AM de.learnlib.logging.LearnLogger logQuery
INFO: [? | ClientHelloDHE ClientKeyExchange ChangeCipherSpec Finished ClientHelloDHE / ? | HandshakeServerHelloTLSv12HandshakeCertificateHandshakeServerKeyExchangeHandshakeServerHelloDone Empty Empty ChangeCipherSpecHandshakeFinished Alert2.40ConnectionClosed]
May 13, 2021 4:41:15 AM de.learnlib.logging.LearnLogger logQuery
INFO: [? | ClientHelloRSA ClientKeyExchange ChangeCipherSpec Finished EmptyCertificate / ? | HandshakeServerHelloTLSv12HandshakeCertificateHandshakeServerHelloDone Empty Empty ChangeCipherSpecHandshakeFinished Alert2.10ConnectionClosed]
May 13, 2021 4:41:15 AM de.learnlib.logging.LearnLogger logQuery
INFO: [? | ClientHelloDHE ClientKeyExchange ChangeCipherSpec Finished EmptyCertificate / ? | HandshakeServerHelloTLSv12HandshakeCertificateHandshakeServerKeyExchangeHandshakeServerHelloDone Empty Empty ChangeCipherSpecHandshakeFinished Alert2.10ConnectionClosed]
May 13, 2021 4:41:16 AM de.learnlib.logging.LearnLogger logQuery
INFO: [? | ClientHelloRSA ClientKeyExchange ChangeCipherSpec Finished Finished / ? | HandshakeServerHelloTLSv12HandshakeCertificateHandshakeServerHelloDone Empty Empty ChangeCipherSpecHandshakeFinished Alert2.10ConnectionClosed]
May 13, 2021 4:41:16 AM de.learnlib.logging.LearnLogger logQuery
INFO: [? | ClientHelloDHE ClientKeyExchange ChangeCipherSpec Finished Finished / ? | HandshakeServerHelloTLSv12HandshakeCertificateHandshakeServerKeyExchangeHandshakeServerHelloDone Empty Empty ChangeCipherSpecHandshakeFinished Alert2.10ConnectionClosed]
May 13, 2021 4:41:16 AM de.learnlib.logging.LearnLogger logQuery
INFO: [? | ClientHelloRSA ClientKeyExchange ChangeCipherSpec Finished ApplicationData / ? | HandshakeServerHelloTLSv12HandshakeCertificateHandshakeServerHelloDone Empty Empty ChangeCipherSpecHandshakeFinished ApplicationDataConnectionClosed]
May 13, 2021 4:41:17 AM de.learnlib.logging.LearnLogger logQuery
INFO: [? | ClientHelloDHE ClientKeyExchange ChangeCipherSpec Finished ApplicationData / ? | HandshakeServerHelloTLSv12HandshakeCertificateHandshakeServerKeyExchangeHandshakeServerHelloDone Empty Empty ChangeCipherSpecHandshakeFinished ApplicationDataConnectionClosed]
May 13, 2021 4:41:17 AM de.learnlib.logging.LearnLogger logQuery
INFO: [? | ClientHelloRSA ClientKeyExchange ChangeCipherSpec Finished ApplicationDataEmpty / ? | HandshakeServerHelloTLSv12HandshakeCertificateHandshakeServerHelloDone Empty Empty ChangeCipherSpecHandshakeFinished Empty]
May 13, 2021 4:41:18 AM de.learnlib.logging.LearnLogger logQuery
INFO: [? | ClientHelloRSA ClientKeyExchange ChangeCipherSpec Finished ApplicationDataEmpty ClientHelloRSA / ? | HandshakeServerHelloTLSv12HandshakeCertificateHandshakeServerHelloDone Empty Empty ChangeCipherSpecHandshakeFinished Empty Alert2.40ConnectionClosed]
May 13, 2021 4:41:18 AM de.learnlib.logging.LearnLogger logQuery
INFO: [? | ClientHelloRSA ClientKeyExchange ChangeCipherSpec Finished ApplicationDataEmpty ClientKeyExchange / ? | HandshakeServerHelloTLSv12HandshakeCertificateHandshakeServerHelloDone Empty Empty ChangeCipherSpecHandshakeFinished Empty Alert2.10ConnectionClosed]
May 13, 2021 4:41:19 AM de.learnlib.logging.LearnLogger logQuery
INFO: [? | ClientHelloRSA ClientKeyExchange ChangeCipherSpec Finished ApplicationDataEmpty ChangeCipherSpec / ? | HandshakeServerHelloTLSv12HandshakeCertificateHandshakeServerHelloDone Empty Empty ChangeCipherSpecHandshakeFinished Empty Alert2.10ConnectionClosed]
May 13, 2021 4:41:19 AM de.learnlib.logging.LearnLogger logQuery
INFO: [? | ClientHelloDHE ClientKeyExchange ChangeCipherSpec Finished ApplicationDataEmpty / ? | HandshakeServerHelloTLSv12HandshakeCertificateHandshakeServerKeyExchangeHandshakeServerHelloDone Empty Empty ChangeCipherSpecHandshakeFinished Empty]
May 13, 2021 4:41:20 AM de.learnlib.logging.LearnLogger logQuery
INFO: [? | ClientHelloDHE ClientKeyExchange ChangeCipherSpec Finished ApplicationDataEmpty ClientHelloRSA / ? | HandshakeServerHelloTLSv12HandshakeCertificateHandshakeServerKeyExchangeHandshakeServerHelloDone Empty Empty ChangeCipherSpecHandshakeFinished Empty Alert2.40ConnectionClosed]
May 13, 2021 4:41:20 AM de.learnlib.logging.LearnLogger logQuery
INFO: [? | ClientHelloDHE ClientKeyExchange ChangeCipherSpec Finished ApplicationDataEmpty ClientKeyExchange / ? | HandshakeServerHelloTLSv12HandshakeCertificateHandshakeServerKeyExchangeHandshakeServerHelloDone Empty Empty ChangeCipherSpecHandshakeFinished Empty Alert2.10ConnectionClosed]
May 13, 2021 4:41:21 AM de.learnlib.logging.LearnLogger logQuery
INFO: [? | ClientHelloDHE ClientKeyExchange ChangeCipherSpec Finished ApplicationDataEmpty ChangeCipherSpec / ? | HandshakeServerHelloTLSv12HandshakeCertificateHandshakeServerKeyExchangeHandshakeServerHelloDone Empty Empty ChangeCipherSpecHandshakeFinished Empty Alert2.10ConnectionClosed]
May 13, 2021 4:41:21 AM de.learnlib.logging.LearnLogger logQuery
INFO: [? | ClientHelloRSA ClientKeyExchange ChangeCipherSpec Finished Alert10 / ? | HandshakeServerHelloTLSv12HandshakeCertificateHandshakeServerHelloDone Empty Empty ChangeCipherSpecHandshakeFinished ConnectionClosed]
May 13, 2021 4:41:22 AM de.learnlib.logging.LearnLogger logQuery
INFO: [? | ClientHelloDHE ClientKeyExchange ChangeCipherSpec Finished Alert10 / ? | HandshakeServerHelloTLSv12HandshakeCertificateHandshakeServerKeyExchangeHandshakeServerHelloDone Empty Empty ChangeCipherSpecHandshakeFinished ConnectionClosed]
May 13, 2021 4:41:22 AM de.learnlib.logging.LearnLogger logQuery
INFO: [? | ClientHelloRSA / ? | HandshakeServerHelloTLSv12HandshakeCertificateHandshakeServerHelloDone]
May 13, 2021 4:41:22 AM de.learnlib.logging.LearnLogger logQuery
INFO: [? | ClientHelloRSA ClientKeyExchange / ? | HandshakeServerHelloTLSv12HandshakeCertificateHandshakeServerHelloDone Empty]
May 13, 2021 4:41:22 AM de.learnlib.logging.LearnLogger logQuery
INFO: [? | ClientHelloRSA ClientKeyExchange ClientHelloRSA / ? | HandshakeServerHelloTLSv12HandshakeCertificateHandshakeServerHelloDone Empty Alert2.10ConnectionClosed]
May 13, 2021 4:41:22 AM de.learnlib.logging.LearnLogger logQuery
INFO: [? | ClientHelloRSA ClientKeyExchange ClientKeyExchange / ? | HandshakeServerHelloTLSv12HandshakeCertificateHandshakeServerHelloDone Empty Alert2.10ConnectionClosed]
May 13, 2021 4:41:23 AM de.learnlib.logging.LearnLogger logQuery
INFO: [? | ClientHelloRSA ClientKeyExchange ChangeCipherSpec / ? | HandshakeServerHelloTLSv12HandshakeCertificateHandshakeServerHelloDone Empty Empty]
May 13, 2021 4:41:23 AM de.learnlib.logging.LearnLogger logQuery
INFO: [? | ClientHelloRSA ClientKeyExchange ChangeCipherSpec / ? | HandshakeServerHelloTLSv12HandshakeCertificateHandshakeServerHelloDone Empty Empty]
May 13, 2021 4:41:23 AM de.learnlib.logging.LearnLogger logQuery
INFO: [? | ClientHelloRSA ClientKeyExchange ChangeCipherSpec ClientHelloRSA / ? | HandshakeServerHelloTLSv12HandshakeCertificateHandshakeServerHelloDone Empty Empty Alert2.10ConnectionClosed]
May 13, 2021 4:41:24 AM de.learnlib.logging.LearnLogger logQuery
INFO: [? | ClientHelloRSA ClientKeyExchange ChangeCipherSpec ClientKeyExchange / ? | HandshakeServerHelloTLSv12HandshakeCertificateHandshakeServerHelloDone Empty Empty Alert2.10ConnectionClosed]
May 13, 2021 4:41:24 AM de.learnlib.logging.LearnLogger logQuery
INFO: [? | ClientHelloRSA ClientKeyExchange ChangeCipherSpec ChangeCipherSpec / ? | HandshakeServerHelloTLSv12HandshakeCertificateHandshakeServerHelloDone Empty Empty Alert2.10ConnectionClosed]
May 13, 2021 4:41:24 AM de.learnlib.logging.LearnLogger logQuery
INFO: [? | ClientHelloRSA ClientKeyExchange ChangeCipherSpec Finished / ? | HandshakeServerHelloTLSv12HandshakeCertificateHandshakeServerHelloDone Empty Empty ChangeCipherSpecHandshakeFinished]
May 13, 2021 4:41:25 AM de.learnlib.logging.LearnLogger logQuery
INFO: [? | ClientHelloRSA ClientKeyExchange ChangeCipherSpec Finished ClientHelloRSA / ? | HandshakeServerHelloTLSv12HandshakeCertificateHandshakeServerHelloDone Empty Empty ChangeCipherSpecHandshakeFinished Alert2.40ConnectionClosed]
May 13, 2021 4:41:25 AM de.learnlib.logging.LearnLogger logQuery
INFO: [? | ClientHelloRSA ClientKeyExchange ChangeCipherSpec Finished ClientKeyExchange / ? | HandshakeServerHelloTLSv12HandshakeCertificateHandshakeServerHelloDone Empty Empty ChangeCipherSpecHandshakeFinished Alert2.10ConnectionClosed]
May 13, 2021 4:41:26 AM de.learnlib.logging.LearnLogger logQuery
INFO: [? | ClientHelloRSA ClientKeyExchange ChangeCipherSpec Finished ChangeCipherSpec / ? | HandshakeServerHelloTLSv12HandshakeCertificateHandshakeServerHelloDone Empty Empty ChangeCipherSpecHandshakeFinished Alert2.10ConnectionClosed]
May 13, 2021 4:41:26 AM de.learnlib.logging.LearnLogger logQuery
INFO: [? | ClientHelloRSA ClientKeyExchange ChangeCipherSpec Finished ApplicationDataEmpty / ? | HandshakeServerHelloTLSv12HandshakeCertificateHandshakeServerHelloDone Empty Empty ChangeCipherSpecHandshakeFinished Empty]
May 13, 2021 4:41:27 AM de.learnlib.logging.LearnLogger logQuery
INFO: [? | ClientHelloRSA ClientKeyExchange ChangeCipherSpec Finished ApplicationDataEmpty ClientHelloRSA / ? | HandshakeServerHelloTLSv12HandshakeCertificateHandshakeServerHelloDone Empty Empty ChangeCipherSpecHandshakeFinished Empty Alert2.40ConnectionClosed]
May 13, 2021 4:41:27 AM de.learnlib.logging.LearnLogger logQuery
INFO: [? | ClientHelloRSA ClientKeyExchange ChangeCipherSpec Finished ApplicationDataEmpty ClientKeyExchange / ? | HandshakeServerHelloTLSv12HandshakeCertificateHandshakeServerHelloDone Empty Empty ChangeCipherSpecHandshakeFinished Empty Alert2.10ConnectionClosed]
May 13, 2021 4:41:28 AM de.learnlib.logging.LearnLogger logQuery
INFO: [? | ClientHelloRSA ClientKeyExchange ChangeCipherSpec Finished ApplicationDataEmpty ChangeCipherSpec / ? | HandshakeServerHelloTLSv12HandshakeCertificateHandshakeServerHelloDone Empty Empty ChangeCipherSpecHandshakeFinished Empty Alert2.10ConnectionClosed]
May 13, 2021 4:41:28 AM de.learnlib.logging.LearnLogger logQuery
INFO: [? | ClientHelloRSA ClientKeyExchange ChangeCipherSpec Finished ApplicationDataEmpty ClientHelloDHE / ? | HandshakeServerHelloTLSv12HandshakeCertificateHandshakeServerHelloDone Empty Empty ChangeCipherSpecHandshakeFinished Empty Alert2.40ConnectionClosed]
May 13, 2021 4:41:29 AM de.learnlib.logging.LearnLogger logQuery
INFO: [? | ClientHelloRSA ClientKeyExchange ChangeCipherSpec Finished ApplicationDataEmpty EmptyCertificate / ? | HandshakeServerHelloTLSv12HandshakeCertificateHandshakeServerHelloDone Empty Empty ChangeCipherSpecHandshakeFinished Empty Alert2.10ConnectionClosed]
May 13, 2021 4:41:29 AM de.learnlib.logging.LearnLogger logQuery
INFO: [? | ClientHelloRSA ClientKeyExchange ChangeCipherSpec Finished ApplicationDataEmpty Finished / ? | HandshakeServerHelloTLSv12HandshakeCertificateHandshakeServerHelloDone Empty Empty ChangeCipherSpecHandshakeFinished Empty Alert2.10ConnectionClosed]
May 13, 2021 4:41:30 AM de.learnlib.logging.LearnLogger logQuery
INFO: [? | ClientHelloRSA ClientKeyExchange ChangeCipherSpec Finished ApplicationDataEmpty ApplicationData / ? | HandshakeServerHelloTLSv12HandshakeCertificateHandshakeServerHelloDone Empty Empty ChangeCipherSpecHandshakeFinished Empty ApplicationDataConnectionClosed]
May 13, 2021 4:41:30 AM de.learnlib.logging.LearnLogger logQuery
INFO: [? | ClientHelloRSA ClientKeyExchange ChangeCipherSpec Finished ApplicationDataEmpty ApplicationDataEmpty / ? | HandshakeServerHelloTLSv12HandshakeCertificateHandshakeServerHelloDone Empty Empty ChangeCipherSpecHandshakeFinished Empty Empty]
May 13, 2021 4:41:31 AM de.learnlib.logging.LearnLogger logQuery
INFO: [? | ClientHelloRSA ClientKeyExchange ChangeCipherSpec Finished ApplicationDataEmpty ApplicationDataEmpty ClientHelloRSA / ? | HandshakeServerHelloTLSv12HandshakeCertificateHandshakeServerHelloDone Empty Empty ChangeCipherSpecHandshakeFinished Empty Empty Alert2.40ConnectionClosed]
May 13, 2021 4:41:32 AM de.learnlib.logging.LearnLogger logQuery
INFO: [? | ClientHelloRSA ClientKeyExchange ChangeCipherSpec Finished ApplicationDataEmpty ApplicationDataEmpty ClientKeyExchange / ? | HandshakeServerHelloTLSv12HandshakeCertificateHandshakeServerHelloDone Empty Empty ChangeCipherSpecHandshakeFinished Empty Empty Alert2.10ConnectionClosed]
May 13, 2021 4:41:32 AM de.learnlib.logging.LearnLogger logQuery
INFO: [? | ClientHelloRSA ClientKeyExchange ChangeCipherSpec Finished ApplicationDataEmpty ApplicationDataEmpty ChangeCipherSpec / ? | HandshakeServerHelloTLSv12HandshakeCertificateHandshakeServerHelloDone Empty Empty ChangeCipherSpecHandshakeFinished Empty Empty Alert2.10ConnectionClosed]
May 13, 2021 4:41:33 AM de.learnlib.logging.LearnLogger logQuery
INFO: [? | ClientHelloRSA ClientKeyExchange ChangeCipherSpec Finished ApplicationDataEmpty Alert10 / ? | HandshakeServerHelloTLSv12HandshakeCertificateHandshakeServerHelloDone Empty Empty ChangeCipherSpecHandshakeFinished Empty ConnectionClosed]
May 13, 2021 4:41:33 AM de.learnlib.logging.LearnLogger logQuery
INFO: [? | ClientHelloDHE / ? | HandshakeServerHelloTLSv12HandshakeCertificateHandshakeServerKeyExchangeHandshakeServerHelloDone]
May 13, 2021 4:41:33 AM de.learnlib.logging.LearnLogger logQuery
INFO: [? | ClientHelloDHE ClientKeyExchange / ? | HandshakeServerHelloTLSv12HandshakeCertificateHandshakeServerKeyExchangeHandshakeServerHelloDone Empty]
May 13, 2021 4:41:33 AM de.learnlib.logging.LearnLogger logQuery
INFO: [? | ClientHelloDHE ClientKeyExchange ClientHelloRSA / ? | HandshakeServerHelloTLSv12HandshakeCertificateHandshakeServerKeyExchangeHandshakeServerHelloDone Empty Alert2.10ConnectionClosed]
May 13, 2021 4:41:33 AM de.learnlib.logging.LearnLogger logQuery
INFO: [? | ClientHelloDHE ClientKeyExchange ClientKeyExchange / ? | HandshakeServerHelloTLSv12HandshakeCertificateHandshakeServerKeyExchangeHandshakeServerHelloDone Empty Alert2.10ConnectionClosed]
May 13, 2021 4:41:34 AM de.learnlib.logging.LearnLogger logQuery
INFO: [? | ClientHelloDHE ClientKeyExchange ChangeCipherSpec / ? | HandshakeServerHelloTLSv12HandshakeCertificateHandshakeServerKeyExchangeHandshakeServerHelloDone Empty Empty]
May 13, 2021 4:41:34 AM de.learnlib.logging.LearnLogger logQuery
INFO: [? | ClientHelloDHE ClientKeyExchange ChangeCipherSpec / ? | HandshakeServerHelloTLSv12HandshakeCertificateHandshakeServerKeyExchangeHandshakeServerHelloDone Empty Empty]
May 13, 2021 4:41:34 AM de.learnlib.logging.LearnLogger logQuery
INFO: [? | ClientHelloDHE ClientKeyExchange ChangeCipherSpec ClientHelloRSA / ? | HandshakeServerHelloTLSv12HandshakeCertificateHandshakeServerKeyExchangeHandshakeServerHelloDone Empty Empty Alert2.10ConnectionClosed]
May 13, 2021 4:41:35 AM de.learnlib.logging.LearnLogger logQuery
INFO: [? | ClientHelloDHE ClientKeyExchange ChangeCipherSpec ClientKeyExchange / ? | HandshakeServerHelloTLSv12HandshakeCertificateHandshakeServerKeyExchangeHandshakeServerHelloDone Empty Empty Alert2.10ConnectionClosed]
May 13, 2021 4:41:35 AM de.learnlib.logging.LearnLogger logQuery
INFO: [? | ClientHelloDHE ClientKeyExchange ChangeCipherSpec ChangeCipherSpec / ? | HandshakeServerHelloTLSv12HandshakeCertificateHandshakeServerKeyExchangeHandshakeServerHelloDone Empty Empty Alert2.10ConnectionClosed]
May 13, 2021 4:41:35 AM de.learnlib.logging.LearnLogger logQuery
INFO: [? | ClientHelloDHE ClientKeyExchange ChangeCipherSpec Finished / ? | HandshakeServerHelloTLSv12HandshakeCertificateHandshakeServerKeyExchangeHandshakeServerHelloDone Empty Empty ChangeCipherSpecHandshakeFinished]
May 13, 2021 4:41:36 AM de.learnlib.logging.LearnLogger logQuery
INFO: [? | ClientHelloDHE ClientKeyExchange ChangeCipherSpec Finished ClientHelloRSA / ? | HandshakeServerHelloTLSv12HandshakeCertificateHandshakeServerKeyExchangeHandshakeServerHelloDone Empty Empty ChangeCipherSpecHandshakeFinished Alert2.40ConnectionClosed]
May 13, 2021 4:41:36 AM de.learnlib.logging.LearnLogger logQuery
INFO: [? | ClientHelloDHE ClientKeyExchange ChangeCipherSpec Finished ClientKeyExchange / ? | HandshakeServerHelloTLSv12HandshakeCertificateHandshakeServerKeyExchangeHandshakeServerHelloDone Empty Empty ChangeCipherSpecHandshakeFinished Alert2.10ConnectionClosed]
May 13, 2021 4:41:37 AM de.learnlib.logging.LearnLogger logQuery
INFO: [? | ClientHelloDHE ClientKeyExchange ChangeCipherSpec Finished ChangeCipherSpec / ? | HandshakeServerHelloTLSv12HandshakeCertificateHandshakeServerKeyExchangeHandshakeServerHelloDone Empty Empty ChangeCipherSpecHandshakeFinished Alert2.10ConnectionClosed]
May 13, 2021 4:41:37 AM de.learnlib.logging.LearnLogger logQuery
INFO: [? | ClientHelloDHE ClientKeyExchange ChangeCipherSpec Finished ApplicationDataEmpty / ? | HandshakeServerHelloTLSv12HandshakeCertificateHandshakeServerKeyExchangeHandshakeServerHelloDone Empty Empty ChangeCipherSpecHandshakeFinished Empty]
May 13, 2021 4:41:38 AM de.learnlib.logging.LearnLogger logQuery
INFO: [? | ClientHelloDHE ClientKeyExchange ChangeCipherSpec Finished ApplicationDataEmpty ClientHelloRSA / ? | HandshakeServerHelloTLSv12HandshakeCertificateHandshakeServerKeyExchangeHandshakeServerHelloDone Empty Empty ChangeCipherSpecHandshakeFinished Empty Alert2.40ConnectionClosed]
May 13, 2021 4:41:38 AM de.learnlib.logging.LearnLogger logQuery
INFO: [? | ClientHelloDHE ClientKeyExchange ChangeCipherSpec Finished ApplicationDataEmpty ClientKeyExchange / ? | HandshakeServerHelloTLSv12HandshakeCertificateHandshakeServerKeyExchangeHandshakeServerHelloDone Empty Empty ChangeCipherSpecHandshakeFinished Empty Alert2.10ConnectionClosed]
May 13, 2021 4:41:39 AM de.learnlib.logging.LearnLogger logQuery
INFO: [? | ClientHelloDHE ClientKeyExchange ChangeCipherSpec Finished ApplicationDataEmpty ChangeCipherSpec / ? | HandshakeServerHelloTLSv12HandshakeCertificateHandshakeServerKeyExchangeHandshakeServerHelloDone Empty Empty ChangeCipherSpecHandshakeFinished Empty Alert2.10ConnectionClosed]
May 13, 2021 4:41:39 AM de.learnlib.logging.LearnLogger logQuery
INFO: [? | ClientHelloDHE ClientKeyExchange ChangeCipherSpec Finished ApplicationDataEmpty ClientHelloDHE / ? | HandshakeServerHelloTLSv12HandshakeCertificateHandshakeServerKeyExchangeHandshakeServerHelloDone Empty Empty ChangeCipherSpecHandshakeFinished Empty Alert2.40ConnectionClosed]
May 13, 2021 4:41:40 AM de.learnlib.logging.LearnLogger logQuery
INFO: [? | ClientHelloDHE ClientKeyExchange ChangeCipherSpec Finished ApplicationDataEmpty EmptyCertificate / ? | HandshakeServerHelloTLSv12HandshakeCertificateHandshakeServerKeyExchangeHandshakeServerHelloDone Empty Empty ChangeCipherSpecHandshakeFinished Empty Alert2.10ConnectionClosed]
May 13, 2021 4:41:40 AM de.learnlib.logging.LearnLogger logQuery
INFO: [? | ClientHelloDHE ClientKeyExchange ChangeCipherSpec Finished ApplicationDataEmpty Finished / ? | HandshakeServerHelloTLSv12HandshakeCertificateHandshakeServerKeyExchangeHandshakeServerHelloDone Empty Empty ChangeCipherSpecHandshakeFinished Empty Alert2.10ConnectionClosed]
May 13, 2021 4:41:41 AM de.learnlib.logging.LearnLogger logQuery
INFO: [? | ClientHelloDHE ClientKeyExchange ChangeCipherSpec Finished ApplicationDataEmpty ApplicationData / ? | HandshakeServerHelloTLSv12HandshakeCertificateHandshakeServerKeyExchangeHandshakeServerHelloDone Empty Empty ChangeCipherSpecHandshakeFinished Empty ApplicationDataConnectionClosed]
May 13, 2021 4:41:41 AM de.learnlib.logging.LearnLogger logQuery
INFO: [? | ClientHelloDHE ClientKeyExchange ChangeCipherSpec Finished ApplicationDataEmpty ApplicationDataEmpty / ? | HandshakeServerHelloTLSv12HandshakeCertificateHandshakeServerKeyExchangeHandshakeServerHelloDone Empty Empty ChangeCipherSpecHandshakeFinished Empty Empty]
May 13, 2021 4:41:42 AM de.learnlib.logging.LearnLogger logQuery
INFO: [? | ClientHelloDHE ClientKeyExchange ChangeCipherSpec Finished ApplicationDataEmpty ApplicationDataEmpty ClientHelloRSA / ? | HandshakeServerHelloTLSv12HandshakeCertificateHandshakeServerKeyExchangeHandshakeServerHelloDone Empty Empty ChangeCipherSpecHandshakeFinished Empty Empty Alert2.40ConnectionClosed]
May 13, 2021 4:41:43 AM de.learnlib.logging.LearnLogger logQuery
INFO: [? | ClientHelloDHE ClientKeyExchange ChangeCipherSpec Finished ApplicationDataEmpty ApplicationDataEmpty ClientKeyExchange / ? | HandshakeServerHelloTLSv12HandshakeCertificateHandshakeServerKeyExchangeHandshakeServerHelloDone Empty Empty ChangeCipherSpecHandshakeFinished Empty Empty Alert2.10ConnectionClosed]
May 13, 2021 4:41:43 AM de.learnlib.logging.LearnLogger logQuery
INFO: [? | ClientHelloDHE ClientKeyExchange ChangeCipherSpec Finished ApplicationDataEmpty ApplicationDataEmpty ChangeCipherSpec / ? | HandshakeServerHelloTLSv12HandshakeCertificateHandshakeServerKeyExchangeHandshakeServerHelloDone Empty Empty ChangeCipherSpecHandshakeFinished Empty Empty Alert2.10ConnectionClosed]
May 13, 2021 4:41:44 AM de.learnlib.logging.LearnLogger logQuery
INFO: [? | ClientHelloDHE ClientKeyExchange ChangeCipherSpec Finished ApplicationDataEmpty Alert10 / ? | HandshakeServerHelloTLSv12HandshakeCertificateHandshakeServerKeyExchangeHandshakeServerHelloDone Empty Empty ChangeCipherSpecHandshakeFinished Empty ConnectionClosed]
May 13, 2021 4:41:44 AM de.learnlib.logging.LearnLogger logQuery
INFO: [? | EmptyCertificate / ? | Alert2.10ConnectionClosed]
May 13, 2021 4:41:44 AM de.learnlib.logging.LearnLogger logQuery
INFO: [? | ClientKeyExchange / ? | Alert2.10ConnectionClosed]
May 13, 2021 4:41:44 AM de.learnlib.logging.LearnLogger logQuery
INFO: [? | ChangeCipherSpec / ? | Alert2.10ConnectionClosed]
May 13, 2021 4:41:44 AM de.learnlib.logging.LearnLogger logQuery
INFO: [? | Finished / ? | Alert2.10ConnectionClosed]
May 13, 2021 4:41:44 AM de.learnlib.logging.LearnLogger logQuery
INFO: [? | ApplicationData / ? | Alert2.10ConnectionClosed]
May 13, 2021 4:41:44 AM de.learnlib.logging.LearnLogger logQuery
INFO: [? | ApplicationDataEmpty / ? | Alert2.10ConnectionClosed]
May 13, 2021 4:41:44 AM de.learnlib.logging.LearnLogger logQuery
INFO: [? | Alert10 / ? | Alert2.10ConnectionClosed]
May 13, 2021 4:41:44 AM de.learnlib.logging.LearnLogger logQuery
INFO: [? | ClientHelloRSA ClientHelloRSA / ? | HandshakeServerHelloTLSv12HandshakeCertificateHandshakeServerHelloDone Alert2.10ConnectionClosed]
May 13, 2021 4:41:44 AM de.learnlib.logging.LearnLogger logQuery
INFO: [? | ClientHelloRSA ClientHelloDHE / ? | HandshakeServerHelloTLSv12HandshakeCertificateHandshakeServerHelloDone Alert2.10ConnectionClosed]
May 13, 2021 4:41:44 AM de.learnlib.logging.LearnLogger logQuery
INFO: [? | ClientHelloRSA EmptyCertificate / ? | HandshakeServerHelloTLSv12HandshakeCertificateHandshakeServerHelloDone Alert2.10ConnectionClosed]
May 13, 2021 4:41:44 AM de.learnlib.logging.LearnLogger logQuery
INFO: [? | ClientHelloRSA ClientKeyExchange / ? | HandshakeServerHelloTLSv12HandshakeCertificateHandshakeServerHelloDone Empty]
May 13, 2021 4:41:45 AM de.learnlib.logging.LearnLogger logQuery
INFO: [? | ClientHelloRSA ClientKeyExchange ChangeCipherSpec / ? | HandshakeServerHelloTLSv12HandshakeCertificateHandshakeServerHelloDone Empty Empty]
May 13, 2021 4:41:45 AM de.learnlib.logging.LearnLogger logQuery
INFO: [? | ClientHelloRSA ClientKeyExchange ChangeCipherSpec ClientHelloRSA / ? | HandshakeServerHelloTLSv12HandshakeCertificateHandshakeServerHelloDone Empty Empty Alert2.10ConnectionClosed]
May 13, 2021 4:41:45 AM de.learnlib.logging.LearnLogger logQuery
INFO: [? | ClientHelloRSA ClientKeyExchange ChangeCipherSpec ClientKeyExchange / ? | HandshakeServerHelloTLSv12HandshakeCertificateHandshakeServerHelloDone Empty Empty Alert2.10ConnectionClosed]
May 13, 2021 4:41:46 AM de.learnlib.logging.LearnLogger logQuery
INFO: [? | ClientHelloRSA ClientKeyExchange ChangeCipherSpec ChangeCipherSpec / ? | HandshakeServerHelloTLSv12HandshakeCertificateHandshakeServerHelloDone Empty Empty Alert2.10ConnectionClosed]
May 13, 2021 4:41:46 AM de.learnlib.logging.LearnLogger logQuery
INFO: [? | ClientHelloRSA ClientKeyExchange ChangeCipherSpec Finished / ? | HandshakeServerHelloTLSv12HandshakeCertificateHandshakeServerHelloDone Empty Empty ChangeCipherSpecHandshakeFinished]
May 13, 2021 4:41:46 AM de.learnlib.logging.LearnLogger logQuery
INFO: [? | ClientHelloRSA ClientKeyExchange ChangeCipherSpec Finished ClientHelloRSA / ? | HandshakeServerHelloTLSv12HandshakeCertificateHandshakeServerHelloDone Empty Empty ChangeCipherSpecHandshakeFinished Alert2.40ConnectionClosed]
May 13, 2021 4:41:47 AM de.learnlib.logging.LearnLogger logQuery
INFO: [? | ClientHelloRSA ClientKeyExchange ChangeCipherSpec Finished ClientKeyExchange / ? | HandshakeServerHelloTLSv12HandshakeCertificateHandshakeServerHelloDone Empty Empty ChangeCipherSpecHandshakeFinished Alert2.10ConnectionClosed]
May 13, 2021 4:41:47 AM de.learnlib.logging.LearnLogger logQuery
INFO: [? | ClientHelloRSA ClientKeyExchange ChangeCipherSpec Finished ChangeCipherSpec / ? | HandshakeServerHelloTLSv12HandshakeCertificateHandshakeServerHelloDone Empty Empty ChangeCipherSpecHandshakeFinished Alert2.10ConnectionClosed]
May 13, 2021 4:41:48 AM de.learnlib.logging.LearnLogger logQuery
INFO: [? | ClientHelloRSA ClientKeyExchange ChangeCipherSpec Finished ApplicationDataEmpty / ? | HandshakeServerHelloTLSv12HandshakeCertificateHandshakeServerHelloDone Empty Empty ChangeCipherSpecHandshakeFinished Empty]
May 13, 2021 4:41:48 AM de.learnlib.logging.LearnLogger logQuery
INFO: [? | ClientHelloRSA ClientKeyExchange ChangeCipherSpec Finished ApplicationDataEmpty ClientHelloRSA / ? | HandshakeServerHelloTLSv12HandshakeCertificateHandshakeServerHelloDone Empty Empty ChangeCipherSpecHandshakeFinished Empty Alert2.40ConnectionClosed]
May 13, 2021 4:41:49 AM de.learnlib.logging.LearnLogger logQuery
INFO: [? | ClientHelloRSA ClientKeyExchange ChangeCipherSpec Finished ApplicationDataEmpty ClientKeyExchange / ? | HandshakeServerHelloTLSv12HandshakeCertificateHandshakeServerHelloDone Empty Empty ChangeCipherSpecHandshakeFinished Empty Alert2.10ConnectionClosed]
May 13, 2021 4:41:49 AM de.learnlib.logging.LearnLogger logQuery
INFO: [? | ClientHelloRSA ClientKeyExchange ChangeCipherSpec Finished ApplicationDataEmpty ChangeCipherSpec / ? | HandshakeServerHelloTLSv12HandshakeCertificateHandshakeServerHelloDone Empty Empty ChangeCipherSpecHandshakeFinished Empty Alert2.10ConnectionClosed]
May 13, 2021 4:41:50 AM de.learnlib.logging.LearnLogger logQuery
INFO: [? | ClientHelloRSA ClientKeyExchange ChangeCipherSpec Finished ApplicationDataEmpty ApplicationDataEmpty / ? | HandshakeServerHelloTLSv12HandshakeCertificateHandshakeServerHelloDone Empty Empty ChangeCipherSpecHandshakeFinished Empty Empty]
May 13, 2021 4:41:50 AM de.learnlib.logging.LearnLogger logQuery
INFO: [? | ClientHelloRSA ClientKeyExchange ChangeCipherSpec Finished ApplicationDataEmpty ApplicationDataEmpty ClientHelloRSA / ? | HandshakeServerHelloTLSv12HandshakeCertificateHandshakeServerHelloDone Empty Empty ChangeCipherSpecHandshakeFinished Empty Empty Alert2.40ConnectionClosed]
May 13, 2021 4:41:51 AM de.learnlib.logging.LearnLogger logQuery
INFO: [? | ClientHelloRSA ClientKeyExchange ChangeCipherSpec Finished ApplicationDataEmpty ApplicationDataEmpty ClientKeyExchange / ? | HandshakeServerHelloTLSv12HandshakeCertificateHandshakeServerHelloDone Empty Empty ChangeCipherSpecHandshakeFinished Empty Empty Alert2.10ConnectionClosed]
May 13, 2021 4:41:52 AM de.learnlib.logging.LearnLogger logQuery
INFO: [? | ClientHelloRSA ClientKeyExchange ChangeCipherSpec Finished ApplicationDataEmpty ApplicationDataEmpty ChangeCipherSpec / ? | HandshakeServerHelloTLSv12HandshakeCertificateHandshakeServerHelloDone Empty Empty ChangeCipherSpecHandshakeFinished Empty Empty Alert2.10ConnectionClosed]
May 13, 2021 4:41:52 AM de.learnlib.logging.LearnLogger logQuery
INFO: [? | ClientHelloRSA ClientKeyExchange ChangeCipherSpec Finished ApplicationDataEmpty ApplicationDataEmpty ClientHelloDHE / ? | HandshakeServerHelloTLSv12HandshakeCertificateHandshakeServerHelloDone Empty Empty ChangeCipherSpecHandshakeFinished Empty Empty Alert2.40ConnectionClosed]
May 13, 2021 4:41:53 AM de.learnlib.logging.LearnLogger logQuery
INFO: [? | ClientHelloRSA ClientKeyExchange ChangeCipherSpec Finished ApplicationDataEmpty ApplicationDataEmpty EmptyCertificate / ? | HandshakeServerHelloTLSv12HandshakeCertificateHandshakeServerHelloDone Empty Empty ChangeCipherSpecHandshakeFinished Empty Empty Alert2.10ConnectionClosed]
May 13, 2021 4:41:53 AM de.learnlib.logging.LearnLogger logQuery
INFO: [? | ClientHelloRSA ClientKeyExchange ChangeCipherSpec Finished ApplicationDataEmpty ApplicationDataEmpty Finished / ? | HandshakeServerHelloTLSv12HandshakeCertificateHandshakeServerHelloDone Empty Empty ChangeCipherSpecHandshakeFinished Empty Empty Alert2.10ConnectionClosed]
May 13, 2021 4:41:54 AM de.learnlib.logging.LearnLogger logQuery
INFO: [? | ClientHelloRSA ClientKeyExchange ChangeCipherSpec Finished ApplicationDataEmpty ApplicationDataEmpty ApplicationData / ? | HandshakeServerHelloTLSv12HandshakeCertificateHandshakeServerHelloDone Empty Empty ChangeCipherSpecHandshakeFinished Empty Empty ApplicationDataConnectionClosed]
May 13, 2021 4:41:55 AM de.learnlib.logging.LearnLogger logQuery
INFO: [? | ClientHelloRSA ClientKeyExchange ChangeCipherSpec Finished ApplicationDataEmpty ApplicationDataEmpty ApplicationDataEmpty / ? | HandshakeServerHelloTLSv12HandshakeCertificateHandshakeServerHelloDone Empty Empty ChangeCipherSpecHandshakeFinished Empty Empty Empty]
May 13, 2021 4:41:55 AM de.learnlib.logging.LearnLogger logQuery
INFO: [? | ClientHelloRSA ClientKeyExchange ChangeCipherSpec Finished ApplicationDataEmpty ApplicationDataEmpty ApplicationDataEmpty ClientHelloRSA / ? | HandshakeServerHelloTLSv12HandshakeCertificateHandshakeServerHelloDone Empty Empty ChangeCipherSpecHandshakeFinished Empty Empty Empty Alert2.40ConnectionClosed]
May 13, 2021 4:41:56 AM de.learnlib.logging.LearnLogger logQuery
INFO: [? | ClientHelloRSA ClientKeyExchange ChangeCipherSpec Finished ApplicationDataEmpty ApplicationDataEmpty ApplicationDataEmpty ClientKeyExchange / ? | HandshakeServerHelloTLSv12HandshakeCertificateHandshakeServerHelloDone Empty Empty ChangeCipherSpecHandshakeFinished Empty Empty Empty Alert2.10ConnectionClosed]
May 13, 2021 4:41:57 AM de.learnlib.logging.LearnLogger logQuery
INFO: [? | ClientHelloRSA ClientKeyExchange ChangeCipherSpec Finished ApplicationDataEmpty ApplicationDataEmpty ApplicationDataEmpty ChangeCipherSpec / ? | HandshakeServerHelloTLSv12HandshakeCertificateHandshakeServerHelloDone Empty Empty ChangeCipherSpecHandshakeFinished Empty Empty Empty Alert2.10ConnectionClosed]
May 13, 2021 4:41:58 AM de.learnlib.logging.LearnLogger logQuery
INFO: [? | ClientHelloRSA ClientKeyExchange ChangeCipherSpec Finished ApplicationDataEmpty ApplicationDataEmpty Alert10 / ? | HandshakeServerHelloTLSv12HandshakeCertificateHandshakeServerHelloDone Empty Empty ChangeCipherSpecHandshakeFinished Empty Empty ConnectionClosed]
May 13, 2021 4:41:58 AM de.learnlib.logging.LearnLogger logQuery
INFO: [? | ClientHelloRSA ChangeCipherSpec / ? | HandshakeServerHelloTLSv12HandshakeCertificateHandshakeServerHelloDone Alert2.10ConnectionClosed]
May 13, 2021 4:41:58 AM de.learnlib.logging.LearnLogger logQuery
INFO: [? | ClientHelloRSA Finished / ? | HandshakeServerHelloTLSv12HandshakeCertificateHandshakeServerHelloDone Alert2.10ConnectionClosed]
May 13, 2021 4:41:58 AM de.learnlib.logging.LearnLogger logQuery
INFO: [? | ClientHelloRSA ApplicationData / ? | HandshakeServerHelloTLSv12HandshakeCertificateHandshakeServerHelloDone Alert2.10ConnectionClosed]
May 13, 2021 4:41:58 AM de.learnlib.logging.LearnLogger logQuery
INFO: [? | ClientHelloRSA ApplicationDataEmpty / ? | HandshakeServerHelloTLSv12HandshakeCertificateHandshakeServerHelloDone Alert2.10ConnectionClosed]
May 13, 2021 4:41:58 AM de.learnlib.logging.LearnLogger logQuery
INFO: [? | ClientHelloRSA Alert10 / ? | HandshakeServerHelloTLSv12HandshakeCertificateHandshakeServerHelloDone ConnectionClosed]
May 13, 2021 4:41:58 AM de.learnlib.logging.LearnLogger logQuery
INFO: [? | EmptyCertificate ClientHelloRSA / ? | Alert2.10ConnectionClosed ConnectionClosed]
May 13, 2021 4:41:58 AM de.learnlib.logging.LearnLogger logQuery
INFO: [? | EmptyCertificate ClientHelloDHE / ? | Alert2.10ConnectionClosed ConnectionClosed]
May 13, 2021 4:41:58 AM de.learnlib.logging.LearnLogger logQuery
INFO: [? | EmptyCertificate EmptyCertificate / ? | Alert2.10ConnectionClosed ConnectionClosed]
May 13, 2021 4:41:58 AM de.learnlib.logging.LearnLogger logQuery
INFO: [? | EmptyCertificate ClientKeyExchange / ? | Alert2.10ConnectionClosed ConnectionClosed]
May 13, 2021 4:41:58 AM de.learnlib.logging.LearnLogger logQuery
INFO: [? | EmptyCertificate ChangeCipherSpec / ? | Alert2.10ConnectionClosed ConnectionClosed]
May 13, 2021 4:41:58 AM de.learnlib.logging.LearnLogger logQuery
INFO: [? | EmptyCertificate Finished / ? | Alert2.10ConnectionClosed ConnectionClosed]
May 13, 2021 4:41:58 AM de.learnlib.logging.LearnLogger logQuery
INFO: [? | EmptyCertificate ApplicationData / ? | Alert2.10ConnectionClosed ConnectionClosed]
May 13, 2021 4:41:58 AM de.learnlib.logging.LearnLogger logQuery
INFO: [? | EmptyCertificate ApplicationDataEmpty / ? | Alert2.10ConnectionClosed ConnectionClosed]
May 13, 2021 4:41:58 AM de.learnlib.logging.LearnLogger logQuery
INFO: [? | EmptyCertificate Alert10 / ? | Alert2.10ConnectionClosed ConnectionClosed]
May 13, 2021 4:41:58 AM de.learnlib.logging.LearnLogger logQuery
INFO: [? | ClientHelloRSA ClientKeyExchange ClientHelloRSA / ? | HandshakeServerHelloTLSv12HandshakeCertificateHandshakeServerHelloDone Empty Alert2.10ConnectionClosed]
May 13, 2021 4:41:58 AM de.learnlib.logging.LearnLogger logQuery
INFO: [? | ClientHelloRSA ClientKeyExchange ClientHelloDHE / ? | HandshakeServerHelloTLSv12HandshakeCertificateHandshakeServerHelloDone Empty Alert2.10ConnectionClosed]
May 13, 2021 4:41:59 AM de.learnlib.logging.LearnLogger logQuery
INFO: [? | ClientHelloRSA ClientKeyExchange EmptyCertificate / ? | HandshakeServerHelloTLSv12HandshakeCertificateHandshakeServerHelloDone Empty Alert2.10ConnectionClosed]
May 13, 2021 4:41:59 AM de.learnlib.logging.LearnLogger logQuery
INFO: [? | ClientHelloRSA ClientKeyExchange ClientKeyExchange / ? | HandshakeServerHelloTLSv12HandshakeCertificateHandshakeServerHelloDone Empty Alert2.10ConnectionClosed]
May 13, 2021 4:41:59 AM de.learnlib.logging.LearnLogger logQuery
INFO: [? | ClientHelloRSA ClientKeyExchange ChangeCipherSpec / ? | HandshakeServerHelloTLSv12HandshakeCertificateHandshakeServerHelloDone Empty Empty]
May 13, 2021 4:42:00 AM de.learnlib.logging.LearnLogger logQuery
INFO: [? | ClientHelloRSA ClientKeyExchange ChangeCipherSpec Finished / ? | HandshakeServerHelloTLSv12HandshakeCertificateHandshakeServerHelloDone Empty Empty ChangeCipherSpecHandshakeFinished]
May 13, 2021 4:42:00 AM de.learnlib.logging.LearnLogger logQuery
INFO: [? | ClientHelloRSA ClientKeyExchange ChangeCipherSpec Finished ClientHelloRSA / ? | HandshakeServerHelloTLSv12HandshakeCertificateHandshakeServerHelloDone Empty Empty ChangeCipherSpecHandshakeFinished Alert2.40ConnectionClosed]
May 13, 2021 4:42:00 AM de.learnlib.logging.LearnLogger logQuery
INFO: [? | ClientHelloRSA ClientKeyExchange ChangeCipherSpec Finished ClientKeyExchange / ? | HandshakeServerHelloTLSv12HandshakeCertificateHandshakeServerHelloDone Empty Empty ChangeCipherSpecHandshakeFinished Alert2.10ConnectionClosed]
May 13, 2021 4:42:01 AM de.learnlib.logging.LearnLogger logQuery
INFO: [? | ClientHelloRSA ClientKeyExchange ChangeCipherSpec Finished ChangeCipherSpec / ? | HandshakeServerHelloTLSv12HandshakeCertificateHandshakeServerHelloDone Empty Empty ChangeCipherSpecHandshakeFinished Alert2.10ConnectionClosed]
May 13, 2021 4:42:01 AM de.learnlib.logging.LearnLogger logQuery
INFO: [? | ClientHelloRSA ClientKeyExchange ChangeCipherSpec Finished ApplicationDataEmpty / ? | HandshakeServerHelloTLSv12HandshakeCertificateHandshakeServerHelloDone Empty Empty ChangeCipherSpecHandshakeFinished Empty]
May 13, 2021 4:42:02 AM de.learnlib.logging.LearnLogger logQuery
INFO: [? | ClientHelloRSA ClientKeyExchange ChangeCipherSpec Finished ApplicationDataEmpty ClientHelloRSA / ? | HandshakeServerHelloTLSv12HandshakeCertificateHandshakeServerHelloDone Empty Empty ChangeCipherSpecHandshakeFinished Empty Alert2.40ConnectionClosed]
May 13, 2021 4:42:02 AM de.learnlib.logging.LearnLogger logQuery
INFO: [? | ClientHelloRSA ClientKeyExchange ChangeCipherSpec Finished ApplicationDataEmpty ClientKeyExchange / ? | HandshakeServerHelloTLSv12HandshakeCertificateHandshakeServerHelloDone Empty Empty ChangeCipherSpecHandshakeFinished Empty Alert2.10ConnectionClosed]
May 13, 2021 4:42:03 AM de.learnlib.logging.LearnLogger logQuery
INFO: [? | ClientHelloRSA ClientKeyExchange ChangeCipherSpec Finished ApplicationDataEmpty ChangeCipherSpec / ? | HandshakeServerHelloTLSv12HandshakeCertificateHandshakeServerHelloDone Empty Empty ChangeCipherSpecHandshakeFinished Empty Alert2.10ConnectionClosed]
May 13, 2021 4:42:03 AM de.learnlib.logging.LearnLogger logQuery
INFO: [? | ClientHelloRSA ClientKeyExchange ChangeCipherSpec Finished ApplicationDataEmpty ApplicationDataEmpty / ? | HandshakeServerHelloTLSv12HandshakeCertificateHandshakeServerHelloDone Empty Empty ChangeCipherSpecHandshakeFinished Empty Empty]
May 13, 2021 4:42:04 AM de.learnlib.logging.LearnLogger logQuery
INFO: [? | ClientHelloRSA ClientKeyExchange ChangeCipherSpec Finished ApplicationDataEmpty ApplicationDataEmpty ClientHelloRSA / ? | HandshakeServerHelloTLSv12HandshakeCertificateHandshakeServerHelloDone Empty Empty ChangeCipherSpecHandshakeFinished Empty Empty Alert2.40ConnectionClosed]
May 13, 2021 4:42:05 AM de.learnlib.logging.LearnLogger logQuery
INFO: [? | ClientHelloRSA ClientKeyExchange ChangeCipherSpec Finished ApplicationDataEmpty ApplicationDataEmpty ClientKeyExchange / ? | HandshakeServerHelloTLSv12HandshakeCertificateHandshakeServerHelloDone Empty Empty ChangeCipherSpecHandshakeFinished Empty Empty Alert2.10ConnectionClosed]
May 13, 2021 4:42:05 AM de.learnlib.logging.LearnLogger logQuery
INFO: [? | ClientHelloRSA ClientKeyExchange ChangeCipherSpec Finished ApplicationDataEmpty ApplicationDataEmpty ChangeCipherSpec / ? | HandshakeServerHelloTLSv12HandshakeCertificateHandshakeServerHelloDone Empty Empty ChangeCipherSpecHandshakeFinished Empty Empty Alert2.10ConnectionClosed]
May 13, 2021 4:42:06 AM de.learnlib.logging.LearnLogger logQuery
INFO: [? | ClientHelloRSA ClientKeyExchange ChangeCipherSpec Finished ApplicationDataEmpty ApplicationDataEmpty ApplicationDataEmpty / ? | HandshakeServerHelloTLSv12HandshakeCertificateHandshakeServerHelloDone Empty Empty ChangeCipherSpecHandshakeFinished Empty Empty Empty]
May 13, 2021 4:42:07 AM de.learnlib.logging.LearnLogger logQuery
INFO: [? | ClientHelloRSA ClientKeyExchange ChangeCipherSpec Finished ApplicationDataEmpty ApplicationDataEmpty ApplicationDataEmpty ClientHelloRSA / ? | HandshakeServerHelloTLSv12HandshakeCertificateHandshakeServerHelloDone Empty Empty ChangeCipherSpecHandshakeFinished Empty Empty Empty Alert2.40ConnectionClosed]
May 13, 2021 4:42:07 AM de.learnlib.logging.LearnLogger logQuery
INFO: [? | ClientHelloRSA ClientKeyExchange ChangeCipherSpec Finished ApplicationDataEmpty ApplicationDataEmpty ApplicationDataEmpty ClientKeyExchange / ? | HandshakeServerHelloTLSv12HandshakeCertificateHandshakeServerHelloDone Empty Empty ChangeCipherSpecHandshakeFinished Empty Empty Empty Alert2.10ConnectionClosed]
May 13, 2021 4:42:08 AM de.learnlib.logging.LearnLogger logQuery
INFO: [? | ClientHelloRSA ClientKeyExchange ChangeCipherSpec Finished ApplicationDataEmpty ApplicationDataEmpty ApplicationDataEmpty ChangeCipherSpec / ? | HandshakeServerHelloTLSv12HandshakeCertificateHandshakeServerHelloDone Empty Empty ChangeCipherSpecHandshakeFinished Empty Empty Empty Alert2.10ConnectionClosed]
May 13, 2021 4:42:09 AM de.learnlib.logging.LearnLogger logQuery
INFO: [? | ClientHelloRSA ClientKeyExchange ChangeCipherSpec Finished ApplicationDataEmpty ApplicationDataEmpty ApplicationDataEmpty ClientHelloDHE / ? | HandshakeServerHelloTLSv12HandshakeCertificateHandshakeServerHelloDone Empty Empty ChangeCipherSpecHandshakeFinished Empty Empty Empty Alert2.40ConnectionClosed]
May 13, 2021 4:42:09 AM de.learnlib.logging.LearnLogger logQuery
INFO: [? | ClientHelloRSA ClientKeyExchange ChangeCipherSpec Finished ApplicationDataEmpty ApplicationDataEmpty ApplicationDataEmpty EmptyCertificate / ? | HandshakeServerHelloTLSv12HandshakeCertificateHandshakeServerHelloDone Empty Empty ChangeCipherSpecHandshakeFinished Empty Empty Empty Alert2.10ConnectionClosed]
May 13, 2021 4:42:10 AM de.learnlib.logging.LearnLogger logQuery
INFO: [? | ClientHelloRSA ClientKeyExchange ChangeCipherSpec Finished ApplicationDataEmpty ApplicationDataEmpty ApplicationDataEmpty Finished / ? | HandshakeServerHelloTLSv12HandshakeCertificateHandshakeServerHelloDone Empty Empty ChangeCipherSpecHandshakeFinished Empty Empty Empty Alert2.10ConnectionClosed]
May 13, 2021 4:42:11 AM de.learnlib.logging.LearnLogger logQuery
INFO: [? | ClientHelloRSA ClientKeyExchange ChangeCipherSpec Finished ApplicationDataEmpty ApplicationDataEmpty ApplicationDataEmpty ApplicationData / ? | HandshakeServerHelloTLSv12HandshakeCertificateHandshakeServerHelloDone Empty Empty ChangeCipherSpecHandshakeFinished Empty Empty Empty ApplicationDataConnectionClosed]
May 13, 2021 4:42:12 AM de.learnlib.logging.LearnLogger logQuery
INFO: [? | ClientHelloRSA ClientKeyExchange ChangeCipherSpec Finished ApplicationDataEmpty ApplicationDataEmpty ApplicationDataEmpty ApplicationDataEmpty / ? | HandshakeServerHelloTLSv12HandshakeCertificateHandshakeServerHelloDone Empty Empty ChangeCipherSpecHandshakeFinished Empty Empty Empty Empty]
May 13, 2021 4:42:13 AM de.learnlib.logging.LearnLogger logQuery
INFO: [? | ClientHelloRSA ClientKeyExchange ChangeCipherSpec Finished ApplicationDataEmpty ApplicationDataEmpty ApplicationDataEmpty ApplicationDataEmpty ClientHelloRSA / ? | HandshakeServerHelloTLSv12HandshakeCertificateHandshakeServerHelloDone Empty Empty ChangeCipherSpecHandshakeFinished Empty Empty Empty Empty Alert2.40ConnectionClosed]
May 13, 2021 4:42:13 AM de.learnlib.logging.LearnLogger logQuery
INFO: [? | ClientHelloRSA ClientKeyExchange ChangeCipherSpec Finished ApplicationDataEmpty ApplicationDataEmpty ApplicationDataEmpty ApplicationDataEmpty ClientKeyExchange / ? | HandshakeServerHelloTLSv12HandshakeCertificateHandshakeServerHelloDone Empty Empty ChangeCipherSpecHandshakeFinished Empty Empty Empty Empty Alert2.10ConnectionClosed]
May 13, 2021 4:42:14 AM de.learnlib.logging.LearnLogger logQuery
INFO: [? | ClientHelloRSA ClientKeyExchange ChangeCipherSpec Finished ApplicationDataEmpty ApplicationDataEmpty ApplicationDataEmpty ApplicationDataEmpty ChangeCipherSpec / ? | HandshakeServerHelloTLSv12HandshakeCertificateHandshakeServerHelloDone Empty Empty ChangeCipherSpecHandshakeFinished Empty Empty Empty Empty Alert2.10ConnectionClosed]
May 13, 2021 4:42:15 AM de.learnlib.logging.LearnLogger logQuery
INFO: [? | ClientHelloRSA ClientKeyExchange ChangeCipherSpec Finished ApplicationDataEmpty ApplicationDataEmpty ApplicationDataEmpty Alert10 / ? | HandshakeServerHelloTLSv12HandshakeCertificateHandshakeServerHelloDone Empty Empty ChangeCipherSpecHandshakeFinished Empty Empty Empty ConnectionClosed]
May 13, 2021 4:42:15 AM de.learnlib.logging.LearnLogger logQuery
INFO: [? | ClientHelloRSA ClientKeyExchange Finished / ? | HandshakeServerHelloTLSv12HandshakeCertificateHandshakeServerHelloDone Empty Alert2.10ConnectionClosed]
May 13, 2021 4:42:15 AM de.learnlib.logging.LearnLogger logQuery
INFO: [? | ClientHelloRSA ClientKeyExchange ApplicationData / ? | HandshakeServerHelloTLSv12HandshakeCertificateHandshakeServerHelloDone Empty Alert2.10ConnectionClosed]
May 13, 2021 4:42:16 AM de.learnlib.logging.LearnLogger logQuery
INFO: [? | ClientHelloRSA ClientKeyExchange ApplicationDataEmpty / ? | HandshakeServerHelloTLSv12HandshakeCertificateHandshakeServerHelloDone Empty Alert2.10ConnectionClosed]
May 13, 2021 4:42:16 AM de.learnlib.logging.LearnLogger logQuery
INFO: [? | ClientHelloRSA ClientKeyExchange Alert10 / ? | HandshakeServerHelloTLSv12HandshakeCertificateHandshakeServerHelloDone Empty ConnectionClosed]
May 13, 2021 4:42:16 AM de.learnlib.logging.LearnLogger logQuery
INFO: [? | ClientHelloRSA ClientKeyExchange ChangeCipherSpec ClientHelloRSA / ? | HandshakeServerHelloTLSv12HandshakeCertificateHandshakeServerHelloDone Empty Empty Alert2.10ConnectionClosed]
May 13, 2021 4:42:16 AM de.learnlib.logging.LearnLogger logQuery
INFO: [? | ClientHelloRSA ClientKeyExchange ChangeCipherSpec ClientHelloDHE / ? | HandshakeServerHelloTLSv12HandshakeCertificateHandshakeServerHelloDone Empty Empty Alert2.10ConnectionClosed]
May 13, 2021 4:42:17 AM de.learnlib.logging.LearnLogger logQuery
INFO: [? | ClientHelloRSA ClientKeyExchange ChangeCipherSpec EmptyCertificate / ? | HandshakeServerHelloTLSv12HandshakeCertificateHandshakeServerHelloDone Empty Empty Alert2.10ConnectionClosed]
May 13, 2021 4:42:17 AM de.learnlib.logging.LearnLogger logQuery
INFO: [? | ClientHelloRSA ClientKeyExchange ChangeCipherSpec ClientKeyExchange / ? | HandshakeServerHelloTLSv12HandshakeCertificateHandshakeServerHelloDone Empty Empty Alert2.10ConnectionClosed]
May 13, 2021 4:42:17 AM de.learnlib.logging.LearnLogger logQuery
INFO: [? | ClientHelloRSA ClientKeyExchange ChangeCipherSpec ChangeCipherSpec / ? | HandshakeServerHelloTLSv12HandshakeCertificateHandshakeServerHelloDone Empty Empty Alert2.10ConnectionClosed]
May 13, 2021 4:42:18 AM de.learnlib.logging.LearnLogger logQuery
INFO: [? | ClientHelloRSA ClientKeyExchange ChangeCipherSpec Finished / ? | HandshakeServerHelloTLSv12HandshakeCertificateHandshakeServerHelloDone Empty Empty ChangeCipherSpecHandshakeFinished]
May 13, 2021 4:42:18 AM de.learnlib.logging.LearnLogger logQuery
INFO: [? | ClientHelloRSA ClientKeyExchange ChangeCipherSpec Finished ApplicationDataEmpty / ? | HandshakeServerHelloTLSv12HandshakeCertificateHandshakeServerHelloDone Empty Empty ChangeCipherSpecHandshakeFinished Empty]
May 13, 2021 4:42:19 AM de.learnlib.logging.LearnLogger logQuery
INFO: [? | ClientHelloRSA ClientKeyExchange ChangeCipherSpec Finished ApplicationDataEmpty ClientHelloRSA / ? | HandshakeServerHelloTLSv12HandshakeCertificateHandshakeServerHelloDone Empty Empty ChangeCipherSpecHandshakeFinished Empty Alert2.40ConnectionClosed]
May 13, 2021 4:42:19 AM de.learnlib.logging.LearnLogger logQuery
INFO: [? | ClientHelloRSA ClientKeyExchange ChangeCipherSpec Finished ApplicationDataEmpty ClientKeyExchange / ? | HandshakeServerHelloTLSv12HandshakeCertificateHandshakeServerHelloDone Empty Empty ChangeCipherSpecHandshakeFinished Empty Alert2.10ConnectionClosed]
May 13, 2021 4:42:20 AM de.learnlib.logging.LearnLogger logQuery
INFO: [? | ClientHelloRSA ClientKeyExchange ChangeCipherSpec Finished ApplicationDataEmpty ChangeCipherSpec / ? | HandshakeServerHelloTLSv12HandshakeCertificateHandshakeServerHelloDone Empty Empty ChangeCipherSpecHandshakeFinished Empty Alert2.10ConnectionClosed]
May 13, 2021 4:42:20 AM de.learnlib.logging.LearnLogger logQuery
INFO: [? | ClientHelloRSA ClientKeyExchange ChangeCipherSpec Finished ApplicationDataEmpty ApplicationDataEmpty / ? | HandshakeServerHelloTLSv12HandshakeCertificateHandshakeServerHelloDone Empty Empty ChangeCipherSpecHandshakeFinished Empty Empty]
May 13, 2021 4:42:21 AM de.learnlib.logging.LearnLogger logQuery
INFO: [? | ClientHelloRSA ClientKeyExchange ChangeCipherSpec Finished ApplicationDataEmpty ApplicationDataEmpty ClientHelloRSA / ? | HandshakeServerHelloTLSv12HandshakeCertificateHandshakeServerHelloDone Empty Empty ChangeCipherSpecHandshakeFinished Empty Empty Alert2.40ConnectionClosed]
May 13, 2021 4:42:22 AM de.learnlib.logging.LearnLogger logQuery
INFO: [? | ClientHelloRSA ClientKeyExchange ChangeCipherSpec Finished ApplicationDataEmpty ApplicationDataEmpty ClientKeyExchange / ? | HandshakeServerHelloTLSv12HandshakeCertificateHandshakeServerHelloDone Empty Empty ChangeCipherSpecHandshakeFinished Empty Empty Alert2.10ConnectionClosed]
May 13, 2021 4:42:22 AM de.learnlib.logging.LearnLogger logQuery
INFO: [? | ClientHelloRSA ClientKeyExchange ChangeCipherSpec Finished ApplicationDataEmpty ApplicationDataEmpty ChangeCipherSpec / ? | HandshakeServerHelloTLSv12HandshakeCertificateHandshakeServerHelloDone Empty Empty ChangeCipherSpecHandshakeFinished Empty Empty Alert2.10ConnectionClosed]
May 13, 2021 4:42:23 AM de.learnlib.logging.LearnLogger logQuery
INFO: [? | ClientHelloRSA ClientKeyExchange ChangeCipherSpec Finished ApplicationDataEmpty ApplicationDataEmpty ApplicationDataEmpty / ? | HandshakeServerHelloTLSv12HandshakeCertificateHandshakeServerHelloDone Empty Empty ChangeCipherSpecHandshakeFinished Empty Empty Empty]
May 13, 2021 4:42:24 AM de.learnlib.logging.LearnLogger logQuery
INFO: [? | ClientHelloRSA ClientKeyExchange ChangeCipherSpec Finished ApplicationDataEmpty ApplicationDataEmpty ApplicationDataEmpty ClientHelloRSA / ? | HandshakeServerHelloTLSv12HandshakeCertificateHandshakeServerHelloDone Empty Empty ChangeCipherSpecHandshakeFinished Empty Empty Empty Alert2.40ConnectionClosed]
May 13, 2021 4:42:24 AM de.learnlib.logging.LearnLogger logQuery
INFO: [? | ClientHelloRSA ClientKeyExchange ChangeCipherSpec Finished ApplicationDataEmpty ApplicationDataEmpty ApplicationDataEmpty ClientKeyExchange / ? | HandshakeServerHelloTLSv12HandshakeCertificateHandshakeServerHelloDone Empty Empty ChangeCipherSpecHandshakeFinished Empty Empty Empty Alert2.10ConnectionClosed]
May 13, 2021 4:42:25 AM de.learnlib.logging.LearnLogger logQuery
INFO: [? | ClientHelloRSA ClientKeyExchange ChangeCipherSpec Finished ApplicationDataEmpty ApplicationDataEmpty ApplicationDataEmpty ChangeCipherSpec / ? | HandshakeServerHelloTLSv12HandshakeCertificateHandshakeServerHelloDone Empty Empty ChangeCipherSpecHandshakeFinished Empty Empty Empty Alert2.10ConnectionClosed]
May 13, 2021 4:42:26 AM de.learnlib.logging.LearnLogger logQuery
INFO: [? | ClientHelloRSA ClientKeyExchange ChangeCipherSpec Finished ApplicationDataEmpty ApplicationDataEmpty ApplicationDataEmpty ApplicationDataEmpty / ? | HandshakeServerHelloTLSv12HandshakeCertificateHandshakeServerHelloDone Empty Empty ChangeCipherSpecHandshakeFinished Empty Empty Empty Empty]
May 13, 2021 4:42:27 AM de.learnlib.logging.LearnLogger logQuery
INFO: [? | ClientHelloRSA ClientKeyExchange ChangeCipherSpec Finished ApplicationDataEmpty ApplicationDataEmpty ApplicationDataEmpty ApplicationDataEmpty ClientHelloRSA / ? | HandshakeServerHelloTLSv12HandshakeCertificateHandshakeServerHelloDone Empty Empty ChangeCipherSpecHandshakeFinished Empty Empty Empty Empty Alert2.40ConnectionClosed]
May 13, 2021 4:42:27 AM de.learnlib.logging.LearnLogger logQuery
INFO: [? | ClientHelloRSA ClientKeyExchange ChangeCipherSpec Finished ApplicationDataEmpty ApplicationDataEmpty ApplicationDataEmpty ApplicationDataEmpty ClientKeyExchange / ? | HandshakeServerHelloTLSv12HandshakeCertificateHandshakeServerHelloDone Empty Empty ChangeCipherSpecHandshakeFinished Empty Empty Empty Empty Alert2.10ConnectionClosed]
May 13, 2021 4:42:28 AM de.learnlib.logging.LearnLogger logQuery
INFO: [? | ClientHelloRSA ClientKeyExchange ChangeCipherSpec Finished ApplicationDataEmpty ApplicationDataEmpty ApplicationDataEmpty ApplicationDataEmpty ChangeCipherSpec / ? | HandshakeServerHelloTLSv12HandshakeCertificateHandshakeServerHelloDone Empty Empty ChangeCipherSpecHandshakeFinished Empty Empty Empty Empty Alert2.10ConnectionClosed]
May 13, 2021 4:42:29 AM de.learnlib.logging.LearnLogger logQuery
INFO: [? | ClientHelloRSA ClientKeyExchange ChangeCipherSpec Finished ApplicationDataEmpty ApplicationDataEmpty ApplicationDataEmpty ApplicationDataEmpty ClientHelloDHE / ? | HandshakeServerHelloTLSv12HandshakeCertificateHandshakeServerHelloDone Empty Empty ChangeCipherSpecHandshakeFinished Empty Empty Empty Empty Alert2.40ConnectionClosed]
May 13, 2021 4:42:30 AM de.learnlib.logging.LearnLogger logQuery
INFO: [? | ClientHelloRSA ClientKeyExchange ChangeCipherSpec Finished ApplicationDataEmpty ApplicationDataEmpty ApplicationDataEmpty ApplicationDataEmpty EmptyCertificate / ? | HandshakeServerHelloTLSv12HandshakeCertificateHandshakeServerHelloDone Empty Empty ChangeCipherSpecHandshakeFinished Empty Empty Empty Empty Alert2.10ConnectionClosed]
May 13, 2021 4:42:31 AM de.learnlib.logging.LearnLogger logQuery
INFO: [? | ClientHelloRSA ClientKeyExchange ChangeCipherSpec Finished ApplicationDataEmpty ApplicationDataEmpty ApplicationDataEmpty ApplicationDataEmpty Finished / ? | HandshakeServerHelloTLSv12HandshakeCertificateHandshakeServerHelloDone Empty Empty ChangeCipherSpecHandshakeFinished Empty Empty Empty Empty Alert2.10ConnectionClosed]
May 13, 2021 4:42:32 AM de.learnlib.logging.LearnLogger logQuery
INFO: [? | ClientHelloRSA ClientKeyExchange ChangeCipherSpec Finished ApplicationDataEmpty ApplicationDataEmpty ApplicationDataEmpty ApplicationDataEmpty ApplicationData / ? | HandshakeServerHelloTLSv12HandshakeCertificateHandshakeServerHelloDone Empty Empty ChangeCipherSpecHandshakeFinished Empty Empty Empty Empty ApplicationDataConnectionClosed]
May 13, 2021 4:42:33 AM de.learnlib.logging.LearnLogger logQuery
INFO: [? | ClientHelloRSA ClientKeyExchange ChangeCipherSpec Finished ApplicationDataEmpty ApplicationDataEmpty ApplicationDataEmpty ApplicationDataEmpty ApplicationDataEmpty / ? | HandshakeServerHelloTLSv12HandshakeCertificateHandshakeServerHelloDone Empty Empty ChangeCipherSpecHandshakeFinished Empty Empty Empty Empty Empty]
May 13, 2021 4:42:33 AM de.learnlib.logging.LearnLogger logQuery
INFO: [? | ClientHelloRSA ClientKeyExchange ChangeCipherSpec Finished ApplicationDataEmpty ApplicationDataEmpty ApplicationDataEmpty ApplicationDataEmpty ApplicationDataEmpty ClientHelloRSA / ? | HandshakeServerHelloTLSv12HandshakeCertificateHandshakeServerHelloDone Empty Empty ChangeCipherSpecHandshakeFinished Empty Empty Empty Empty Empty Alert2.40ConnectionClosed]
May 13, 2021 4:42:34 AM de.learnlib.logging.LearnLogger logQuery
INFO: [? | ClientHelloRSA ClientKeyExchange ChangeCipherSpec Finished ApplicationDataEmpty ApplicationDataEmpty ApplicationDataEmpty ApplicationDataEmpty ApplicationDataEmpty ClientKeyExchange / ? | HandshakeServerHelloTLSv12HandshakeCertificateHandshakeServerHelloDone Empty Empty ChangeCipherSpecHandshakeFinished Empty Empty Empty Empty Empty Alert2.10ConnectionClosed]
May 13, 2021 4:42:35 AM de.learnlib.logging.LearnLogger logQuery
INFO: [? | ClientHelloRSA ClientKeyExchange ChangeCipherSpec Finished ApplicationDataEmpty ApplicationDataEmpty ApplicationDataEmpty ApplicationDataEmpty ApplicationDataEmpty ChangeCipherSpec / ? | HandshakeServerHelloTLSv12HandshakeCertificateHandshakeServerHelloDone Empty Empty ChangeCipherSpecHandshakeFinished Empty Empty Empty Empty Empty Alert2.10ConnectionClosed]
May 13, 2021 4:42:36 AM de.learnlib.logging.LearnLogger logQuery
INFO: [? | ClientHelloRSA ClientKeyExchange ChangeCipherSpec Finished ApplicationDataEmpty ApplicationDataEmpty ApplicationDataEmpty ApplicationDataEmpty Alert10 / ? | HandshakeServerHelloTLSv12HandshakeCertificateHandshakeServerHelloDone Empty Empty ChangeCipherSpecHandshakeFinished Empty Empty Empty Empty ConnectionClosed]
May 13, 2021 4:42:36 AM de.learnlib.logging.LearnLogger logQuery
INFO: [? | ClientHelloRSA ClientKeyExchange ChangeCipherSpec ApplicationData / ? | HandshakeServerHelloTLSv12HandshakeCertificateHandshakeServerHelloDone Empty Empty Alert2.10ConnectionClosed]
May 13, 2021 4:42:37 AM de.learnlib.logging.LearnLogger logQuery
INFO: [? | ClientHelloRSA ClientKeyExchange ChangeCipherSpec ApplicationDataEmpty / ? | HandshakeServerHelloTLSv12HandshakeCertificateHandshakeServerHelloDone Empty Empty Alert2.10ConnectionClosed]
May 13, 2021 4:42:37 AM de.learnlib.logging.LearnLogger logQuery
INFO: [? | ClientHelloRSA ClientKeyExchange ChangeCipherSpec Alert10 / ? | HandshakeServerHelloTLSv12HandshakeCertificateHandshakeServerHelloDone Empty Empty Alert2.10ConnectionClosed]
May 13, 2021 4:42:37 AM de.learnlib.logging.LearnLogger logQuery
INFO: [? | ClientHelloRSA ClientKeyExchange ChangeCipherSpec Finished ClientHelloRSA / ? | HandshakeServerHelloTLSv12HandshakeCertificateHandshakeServerHelloDone Empty Empty ChangeCipherSpecHandshakeFinished Alert2.40ConnectionClosed]
May 13, 2021 4:42:38 AM de.learnlib.logging.LearnLogger logQuery
INFO: [? | ClientHelloRSA ClientKeyExchange ChangeCipherSpec Finished ClientHelloDHE / ? | HandshakeServerHelloTLSv12HandshakeCertificateHandshakeServerHelloDone Empty Empty ChangeCipherSpecHandshakeFinished Alert2.40ConnectionClosed]
May 13, 2021 4:42:38 AM de.learnlib.logging.LearnLogger logQuery
INFO: [? | ClientHelloRSA ClientKeyExchange ChangeCipherSpec Finished EmptyCertificate / ? | HandshakeServerHelloTLSv12HandshakeCertificateHandshakeServerHelloDone Empty Empty ChangeCipherSpecHandshakeFinished Alert2.10ConnectionClosed]
May 13, 2021 4:42:39 AM de.learnlib.logging.LearnLogger logQuery
INFO: [? | ClientHelloRSA ClientKeyExchange ChangeCipherSpec Finished ClientKeyExchange / ? | HandshakeServerHelloTLSv12HandshakeCertificateHandshakeServerHelloDone Empty Empty ChangeCipherSpecHandshakeFinished Alert2.10ConnectionClosed]
May 13, 2021 4:42:39 AM de.learnlib.logging.LearnLogger logQuery
INFO: [? | ClientHelloRSA ClientKeyExchange ChangeCipherSpec Finished ChangeCipherSpec / ? | HandshakeServerHelloTLSv12HandshakeCertificateHandshakeServerHelloDone Empty Empty ChangeCipherSpecHandshakeFinished Alert2.10ConnectionClosed]
May 13, 2021 4:42:39 AM de.learnlib.logging.LearnLogger logQuery
INFO: [? | ClientHelloRSA ClientKeyExchange ChangeCipherSpec Finished Finished / ? | HandshakeServerHelloTLSv12HandshakeCertificateHandshakeServerHelloDone Empty Empty ChangeCipherSpecHandshakeFinished Alert2.10ConnectionClosed]
May 13, 2021 4:42:40 AM de.learnlib.logging.LearnLogger logQuery
INFO: [? | ClientHelloRSA ClientKeyExchange ChangeCipherSpec Finished ApplicationData / ? | HandshakeServerHelloTLSv12HandshakeCertificateHandshakeServerHelloDone Empty Empty ChangeCipherSpecHandshakeFinished ApplicationDataConnectionClosed]
May 13, 2021 4:42:40 AM de.learnlib.logging.LearnLogger logQuery
INFO: [? | ClientHelloRSA ClientKeyExchange ChangeCipherSpec Finished ApplicationDataEmpty / ? | HandshakeServerHelloTLSv12HandshakeCertificateHandshakeServerHelloDone Empty Empty ChangeCipherSpecHandshakeFinished Empty]
May 13, 2021 4:42:41 AM de.learnlib.logging.LearnLogger logQuery
INFO: [? | ClientHelloRSA ClientKeyExchange ChangeCipherSpec Finished ApplicationDataEmpty ApplicationDataEmpty / ? | HandshakeServerHelloTLSv12HandshakeCertificateHandshakeServerHelloDone Empty Empty ChangeCipherSpecHandshakeFinished Empty Empty]
May 13, 2021 4:42:42 AM de.learnlib.logging.LearnLogger logQuery
INFO: [? | ClientHelloRSA ClientKeyExchange ChangeCipherSpec Finished ApplicationDataEmpty ApplicationDataEmpty ClientHelloRSA / ? | HandshakeServerHelloTLSv12HandshakeCertificateHandshakeServerHelloDone Empty Empty ChangeCipherSpecHandshakeFinished Empty Empty Alert2.40ConnectionClosed]
May 13, 2021 4:42:42 AM de.learnlib.logging.LearnLogger logQuery
INFO: [? | ClientHelloRSA ClientKeyExchange ChangeCipherSpec Finished ApplicationDataEmpty ApplicationDataEmpty ClientKeyExchange / ? | HandshakeServerHelloTLSv12HandshakeCertificateHandshakeServerHelloDone Empty Empty ChangeCipherSpecHandshakeFinished Empty Empty Alert2.10ConnectionClosed]
May 13, 2021 4:42:43 AM de.learnlib.logging.LearnLogger logQuery
INFO: [? | ClientHelloRSA ClientKeyExchange ChangeCipherSpec Finished ApplicationDataEmpty ApplicationDataEmpty ChangeCipherSpec / ? | HandshakeServerHelloTLSv12HandshakeCertificateHandshakeServerHelloDone Empty Empty ChangeCipherSpecHandshakeFinished Empty Empty Alert2.10ConnectionClosed]
May 13, 2021 4:42:43 AM de.learnlib.logging.LearnLogger logQuery
INFO: [? | ClientHelloRSA ClientKeyExchange ChangeCipherSpec Finished ApplicationDataEmpty ApplicationDataEmpty ApplicationDataEmpty / ? | HandshakeServerHelloTLSv12HandshakeCertificateHandshakeServerHelloDone Empty Empty ChangeCipherSpecHandshakeFinished Empty Empty Empty]
May 13, 2021 4:42:44 AM de.learnlib.logging.LearnLogger logQuery
INFO: [? | ClientHelloRSA ClientKeyExchange ChangeCipherSpec Finished ApplicationDataEmpty ApplicationDataEmpty ApplicationDataEmpty ClientHelloRSA / ? | HandshakeServerHelloTLSv12HandshakeCertificateHandshakeServerHelloDone Empty Empty ChangeCipherSpecHandshakeFinished Empty Empty Empty Alert2.40ConnectionClosed]
May 13, 2021 4:42:45 AM de.learnlib.logging.LearnLogger logQuery
INFO: [? | ClientHelloRSA ClientKeyExchange ChangeCipherSpec Finished ApplicationDataEmpty ApplicationDataEmpty ApplicationDataEmpty ClientKeyExchange / ? | HandshakeServerHelloTLSv12HandshakeCertificateHandshakeServerHelloDone Empty Empty ChangeCipherSpecHandshakeFinished Empty Empty Empty Alert2.10ConnectionClosed]
May 13, 2021 4:42:46 AM de.learnlib.logging.LearnLogger logQuery
INFO: [? | ClientHelloRSA ClientKeyExchange ChangeCipherSpec Finished ApplicationDataEmpty ApplicationDataEmpty ApplicationDataEmpty ChangeCipherSpec / ? | HandshakeServerHelloTLSv12HandshakeCertificateHandshakeServerHelloDone Empty Empty ChangeCipherSpecHandshakeFinished Empty Empty Empty Alert2.10ConnectionClosed]
May 13, 2021 4:42:46 AM de.learnlib.logging.LearnLogger logQuery
INFO: [? | ClientHelloRSA ClientKeyExchange ChangeCipherSpec Finished ApplicationDataEmpty ApplicationDataEmpty ApplicationDataEmpty ApplicationDataEmpty / ? | HandshakeServerHelloTLSv12HandshakeCertificateHandshakeServerHelloDone Empty Empty ChangeCipherSpecHandshakeFinished Empty Empty Empty Empty]
May 13, 2021 4:42:47 AM de.learnlib.logging.LearnLogger logQuery
INFO: [? | ClientHelloRSA ClientKeyExchange ChangeCipherSpec Finished ApplicationDataEmpty ApplicationDataEmpty ApplicationDataEmpty ApplicationDataEmpty ClientHelloRSA / ? | HandshakeServerHelloTLSv12HandshakeCertificateHandshakeServerHelloDone Empty Empty ChangeCipherSpecHandshakeFinished Empty Empty Empty Empty Alert2.40ConnectionClosed]
May 13, 2021 4:42:48 AM de.learnlib.logging.LearnLogger logQuery
INFO: [? | ClientHelloRSA ClientKeyExchange ChangeCipherSpec Finished ApplicationDataEmpty ApplicationDataEmpty ApplicationDataEmpty ApplicationDataEmpty ClientKeyExchange / ? | HandshakeServerHelloTLSv12HandshakeCertificateHandshakeServerHelloDone Empty Empty ChangeCipherSpecHandshakeFinished Empty Empty Empty Empty Alert2.10ConnectionClosed]
May 13, 2021 4:42:49 AM de.learnlib.logging.LearnLogger logQuery
INFO: [? | ClientHelloRSA ClientKeyExchange ChangeCipherSpec Finished ApplicationDataEmpty ApplicationDataEmpty ApplicationDataEmpty ApplicationDataEmpty ChangeCipherSpec / ? | HandshakeServerHelloTLSv12HandshakeCertificateHandshakeServerHelloDone Empty Empty ChangeCipherSpecHandshakeFinished Empty Empty Empty Empty Alert2.10ConnectionClosed]
May 13, 2021 4:42:50 AM de.learnlib.logging.LearnLogger logQuery
INFO: [? | ClientHelloRSA ClientKeyExchange ChangeCipherSpec Finished ApplicationDataEmpty ApplicationDataEmpty ApplicationDataEmpty ApplicationDataEmpty ApplicationDataEmpty / ? | HandshakeServerHelloTLSv12HandshakeCertificateHandshakeServerHelloDone Empty Empty ChangeCipherSpecHandshakeFinished Empty Empty Empty Empty Empty]
May 13, 2021 4:42:51 AM de.learnlib.logging.LearnLogger logQuery
INFO: [? | ClientHelloRSA ClientKeyExchange ChangeCipherSpec Finished ApplicationDataEmpty ApplicationDataEmpty ApplicationDataEmpty ApplicationDataEmpty ApplicationDataEmpty ClientHelloRSA / ? | HandshakeServerHelloTLSv12HandshakeCertificateHandshakeServerHelloDone Empty Empty ChangeCipherSpecHandshakeFinished Empty Empty Empty Empty Empty Alert2.40ConnectionClosed]
May 13, 2021 4:42:52 AM de.learnlib.logging.LearnLogger logQuery
INFO: [? | ClientHelloRSA ClientKeyExchange ChangeCipherSpec Finished ApplicationDataEmpty ApplicationDataEmpty ApplicationDataEmpty ApplicationDataEmpty ApplicationDataEmpty ClientKeyExchange / ? | HandshakeServerHelloTLSv12HandshakeCertificateHandshakeServerHelloDone Empty Empty ChangeCipherSpecHandshakeFinished Empty Empty Empty Empty Empty Alert2.10ConnectionClosed]
May 13, 2021 4:42:52 AM de.learnlib.logging.LearnLogger logQuery
INFO: [? | ClientHelloRSA ClientKeyExchange ChangeCipherSpec Finished ApplicationDataEmpty ApplicationDataEmpty ApplicationDataEmpty ApplicationDataEmpty ApplicationDataEmpty ChangeCipherSpec / ? | HandshakeServerHelloTLSv12HandshakeCertificateHandshakeServerHelloDone Empty Empty ChangeCipherSpecHandshakeFinished Empty Empty Empty Empty Empty Alert2.10ConnectionClosed]
May 13, 2021 4:42:53 AM de.learnlib.logging.LearnLogger logQuery
INFO: [? | ClientHelloRSA ClientKeyExchange ChangeCipherSpec Finished ApplicationDataEmpty ApplicationDataEmpty ApplicationDataEmpty ApplicationDataEmpty ApplicationDataEmpty ClientHelloDHE / ? | HandshakeServerHelloTLSv12HandshakeCertificateHandshakeServerHelloDone Empty Empty ChangeCipherSpecHandshakeFinished Empty Empty Empty Empty Empty Alert2.40ConnectionClosed]
May 13, 2021 4:42:54 AM de.learnlib.logging.LearnLogger logQuery
INFO: [? | ClientHelloRSA ClientKeyExchange ChangeCipherSpec Finished ApplicationDataEmpty ApplicationDataEmpty ApplicationDataEmpty ApplicationDataEmpty ApplicationDataEmpty EmptyCertificate / ? | HandshakeServerHelloTLSv12HandshakeCertificateHandshakeServerHelloDone Empty Empty ChangeCipherSpecHandshakeFinished Empty Empty Empty Empty Empty Alert2.10ConnectionClosed]
May 13, 2021 4:42:55 AM de.learnlib.logging.LearnLogger logQuery
INFO: [? | ClientHelloRSA ClientKeyExchange ChangeCipherSpec Finished ApplicationDataEmpty ApplicationDataEmpty ApplicationDataEmpty ApplicationDataEmpty ApplicationDataEmpty Finished / ? | HandshakeServerHelloTLSv12HandshakeCertificateHandshakeServerHelloDone Empty Empty ChangeCipherSpecHandshakeFinished Empty Empty Empty Empty Empty Alert2.10ConnectionClosed]
May 13, 2021 4:42:56 AM de.learnlib.logging.LearnLogger logQuery
INFO: [? | ClientHelloRSA ClientKeyExchange ChangeCipherSpec Finished ApplicationDataEmpty ApplicationDataEmpty ApplicationDataEmpty ApplicationDataEmpty ApplicationDataEmpty ApplicationData / ? | HandshakeServerHelloTLSv12HandshakeCertificateHandshakeServerHelloDone Empty Empty ChangeCipherSpecHandshakeFinished Empty Empty Empty Empty Empty ApplicationDataConnectionClosed]
May 13, 2021 4:42:57 AM de.learnlib.logging.LearnLogger logQuery
INFO: [? | ClientHelloRSA ClientKeyExchange ChangeCipherSpec Finished ApplicationDataEmpty ApplicationDataEmpty ApplicationDataEmpty ApplicationDataEmpty ApplicationDataEmpty ApplicationDataEmpty / ? | HandshakeServerHelloTLSv12HandshakeCertificateHandshakeServerHelloDone Empty Empty ChangeCipherSpecHandshakeFinished Empty Empty Empty Empty Empty Empty]
May 13, 2021 4:42:58 AM de.learnlib.logging.LearnLogger logQuery
INFO: [? | ClientHelloRSA ClientKeyExchange ChangeCipherSpec Finished ApplicationDataEmpty ApplicationDataEmpty ApplicationDataEmpty ApplicationDataEmpty ApplicationDataEmpty ApplicationDataEmpty ClientHelloRSA / ? | HandshakeServerHelloTLSv12HandshakeCertificateHandshakeServerHelloDone Empty Empty ChangeCipherSpecHandshakeFinished Empty Empty Empty Empty Empty Empty Alert2.40ConnectionClosed]
May 13, 2021 4:42:59 AM de.learnlib.logging.LearnLogger logQuery
INFO: [? | ClientHelloRSA ClientKeyExchange ChangeCipherSpec Finished ApplicationDataEmpty ApplicationDataEmpty ApplicationDataEmpty ApplicationDataEmpty ApplicationDataEmpty ApplicationDataEmpty ClientKeyExchange / ? | HandshakeServerHelloTLSv12HandshakeCertificateHandshakeServerHelloDone Empty Empty ChangeCipherSpecHandshakeFinished Empty Empty Empty Empty Empty Empty Alert2.10ConnectionClosed]
May 13, 2021 4:43:00 AM de.learnlib.logging.LearnLogger logQuery
INFO: [? | ClientHelloRSA ClientKeyExchange ChangeCipherSpec Finished ApplicationDataEmpty ApplicationDataEmpty ApplicationDataEmpty ApplicationDataEmpty ApplicationDataEmpty ApplicationDataEmpty ChangeCipherSpec / ? | HandshakeServerHelloTLSv12HandshakeCertificateHandshakeServerHelloDone Empty Empty ChangeCipherSpecHandshakeFinished Empty Empty Empty Empty Empty Empty Alert2.10ConnectionClosed]
May 13, 2021 4:43:01 AM de.learnlib.logging.LearnLogger logQuery
INFO: [? | ClientHelloRSA ClientKeyExchange ChangeCipherSpec Finished ApplicationDataEmpty ApplicationDataEmpty ApplicationDataEmpty ApplicationDataEmpty ApplicationDataEmpty Alert10 / ? | HandshakeServerHelloTLSv12HandshakeCertificateHandshakeServerHelloDone Empty Empty ChangeCipherSpecHandshakeFinished Empty Empty Empty Empty Empty ConnectionClosed]
May 13, 2021 4:43:02 AM de.learnlib.logging.LearnLogger logQuery
INFO: [? | ClientHelloRSA ClientKeyExchange ChangeCipherSpec Finished Alert10 / ? | HandshakeServerHelloTLSv12HandshakeCertificateHandshakeServerHelloDone Empty Empty ChangeCipherSpecHandshakeFinished ConnectionClosed]
