May 13, 2021 4:39:13 AM nl.cypherpunk.statelearner.Learner <init>
INFO: Using TLS SUL
May 13, 2021 4:39:18 AM nl.cypherpunk.statelearner.Learner learn
INFO: Using learning algorithm ExtensibleLStarMealy
May 13, 2021 4:39:18 AM nl.cypherpunk.statelearner.Learner learn
INFO: Using equivalence algorithm MealyModifiedWMethodEQOracle
May 13, 2021 4:39:18 AM nl.cypherpunk.statelearner.Learner learn
INFO: Starting learning
May 13, 2021 4:39:18 AM de.learnlib.logging.LearnLogger logPhase
INFO: Starting round 1
May 13, 2021 4:43:02 AM nl.cypherpunk.statelearner.Learner learn
INFO: -------------------------------------------------------
May 13, 2021 4:43:02 AM nl.cypherpunk.statelearner.Learner learn
INFO: Learning [ms]: 99325, (99.325 s)
Searching for counter-example [ms]: 123460, (123.46 s)
Total time [ms]: 224051, (224.051 s)

May 13, 2021 4:43:02 AM nl.cypherpunk.statelearner.Learner learn
INFO: Rounds []: 1
May 13, 2021 4:43:02 AM nl.cypherpunk.statelearner.Learner learn
INFO: membership queries to SUL [queries]: 549
May 13, 2021 4:43:02 AM nl.cypherpunk.statelearner.Learner learn
INFO: membership queries to cache [queries]: 549
May 13, 2021 4:43:02 AM nl.cypherpunk.statelearner.Learner learn
INFO: equivalence queries to SUL [queries]: 296
May 13, 2021 4:43:02 AM nl.cypherpunk.statelearner.Learner learn
INFO: equivalence queries to cache [queries]: 296
May 13, 2021 4:43:02 AM nl.cypherpunk.statelearner.Learner learn
INFO: States in final hypothesis: 6
